#
# There is insufficient memory for the Java Runtime Environment to continue.
# Native memory allocation (malloc) failed to allocate 207856 bytes for Chunk::new
# Possible reasons:
#   The system is out of physical RAM or swap space
#   The process is running with CompressedOops enabled, and the Java Heap may be blocking the growth of the native heap
# Possible solutions:
#   Reduce memory load on the system
#   Increase physical memory or swap space
#   Check if swap backing store is full
#   Decrease Java heap size (-Xmx/-Xms)
#   Decrease number of Java threads
#   Decrease Java thread stack sizes (-Xss)
#   Set larger code cache with -XX:ReservedCodeCacheSize=
#   JVM is running with Unscaled Compressed Oops mode in which the Java heap is
#     placed in the first 4GB address space. The Java Heap base address is the
#     maximum limit for the native heap growth. Please use -XX:HeapBaseMinAddress
#     to set the Java Heap base and to place the Java Heap above 4GB virtual address.
# This output file may be truncated or incomplete.
#
#  Out of Memory Error (arena.cpp:168), pid=18428, tid=12928
#
# JRE version: Java(TM) SE Runtime Environment (21.0.2+13) (build 21.0.2+13-LTS-58)
# Java VM: Java HotSpot(TM) 64-Bit Server VM (21.0.2+13-LTS-58, mixed mode, sharing, tiered, compressed oops, compressed class ptrs, g1 gc, windows-amd64)
# No core dump will be written. Minidumps are not enabled by default on client versions of Windows
#

---------------  S U M M A R Y ------------

Command Line: -Dfile.encoding=UTF-8 -Dstdout.encoding=UTF-8 -Dstderr.encoding=UTF-8 -XX:+ShowCodeDetailsInExceptionMessages Practice.DatePicker

Host: Intel(R) Core(TM) i5-1035G1 CPU @ 1.00GHz, 8 cores, 7G,  Windows 11 , 64 bit Build 22621 (10.0.22621.3085)
Time: Sat Feb 24 15:18:28 2024 India Standard Time elapsed time: 2.762007 seconds (0d 0h 0m 2s)

---------------  T H R E A D  ---------------

Current thread (0x000001de824e9370):  JavaThread "C2 CompilerThread0" daemon [_thread_in_native, id=12928, stack(0x0000000dcc500000,0x0000000dcc600000) (1024K)]


Current CompileTask:
C2:   2762 1669 % !   4       java.util.concurrent.ConcurrentHashMap::transfer @ 96 (849 bytes)

Stack: [0x0000000dcc500000,0x0000000dcc600000]
Native frames: (J=compiled Java code, j=interpreted, Vv=VM code, C=native code)
V  [jvm.dll+0x6cade9]
V  [jvm.dll+0x8569c1]
V  [jvm.dll+0x858d2e]
V  [jvm.dll+0x859413]
V  [jvm.dll+0x280e56]
V  [jvm.dll+0xc3f3d]
V  [jvm.dll+0xc4473]
V  [jvm.dll+0x2f437f]
V  [jvm.dll+0x5f5056]
V  [jvm.dll+0x252d7f]
V  [jvm.dll+0x24b25c]
V  [jvm.dll+0x2490a3]
V  [jvm.dll+0x1c9634]
V  [jvm.dll+0x258859]
V  [jvm.dll+0x256e3a]
V  [jvm.dll+0x3ef6c6]
V  [jvm.dll+0x7ff568]
V  [jvm.dll+0x6c953d]
C  [ucrtbase.dll+0x29363]
C  [KERNEL32.DLL+0x1257d]
C  [ntdll.dll+0x5aa58]


---------------  P R O C E S S  ---------------

Threads class SMR info:
_java_thread_list=0x000001dec8941ad0, length=21, elements={
0x000001dee5b458f0, 0x000001de824d5a10, 0x000001de824d6a20, 0x000001de824d8ed0,
0x000001de824dbde0, 0x000001de824dc930, 0x000001de824dd480, 0x000001de824e9370,
0x000001de824edb60, 0x000001de8279bf80, 0x000001de827a0370, 0x000001dec831c6f0,
0x000001dec8791f10, 0x000001dec8851060, 0x000001dec87f8a60, 0x000001dec87f90d0,
0x000001dec820f5b0, 0x000001dec8824100, 0x000001dec8a9ba00, 0x000001dec8a9dad0,
0x000001dec8a9d440
}

Java Threads: ( => current thread )
  0x000001dee5b458f0 JavaThread "Forwarding newSession on session null to remote"        [_thread_in_vm, id=21436, stack(0x0000000dcb700000,0x0000000dcb800000) (1024K)]
  0x000001de824d5a10 JavaThread "Reference Handler"          daemon [_thread_blocked, id=25392, stack(0x0000000dcbf00000,0x0000000dcc000000) (1024K)]
  0x000001de824d6a20 JavaThread "Finalizer"                  daemon [_thread_blocked, id=15628, stack(0x0000000dcc000000,0x0000000dcc100000) (1024K)]
  0x000001de824d8ed0 JavaThread "Signal Dispatcher"          daemon [_thread_blocked, id=22228, stack(0x0000000dcc100000,0x0000000dcc200000) (1024K)]
  0x000001de824dbde0 JavaThread "Attach Listener"            daemon [_thread_blocked, id=17676, stack(0x0000000dcc200000,0x0000000dcc300000) (1024K)]
  0x000001de824dc930 JavaThread "Service Thread"             daemon [_thread_blocked, id=25504, stack(0x0000000dcc300000,0x0000000dcc400000) (1024K)]
  0x000001de824dd480 JavaThread "Monitor Deflation Thread"   daemon [_thread_blocked, id=18868, stack(0x0000000dcc400000,0x0000000dcc500000) (1024K)]
=>0x000001de824e9370 JavaThread "C2 CompilerThread0"         daemon [_thread_in_native, id=12928, stack(0x0000000dcc500000,0x0000000dcc600000) (1024K)]
  0x000001de824edb60 JavaThread "C1 CompilerThread0"         daemon [_thread_blocked, id=15596, stack(0x0000000dcc600000,0x0000000dcc700000) (1024K)]
  0x000001de8279bf80 JavaThread "Notification Thread"        daemon [_thread_blocked, id=14864, stack(0x0000000dcc700000,0x0000000dcc800000) (1024K)]
  0x000001de827a0370 JavaThread "Common-Cleaner"             daemon [_thread_blocked, id=26260, stack(0x0000000dcc800000,0x0000000dcc900000) (1024K)]
  0x000001dec831c6f0 JavaThread "ForkJoinPool.commonPool-worker-1" daemon [_thread_blocked, id=8172, stack(0x0000000dcca00000,0x0000000dccb00000) (1024K)]
  0x000001dec8791f10 JavaThread "HttpClient-1-SelectorManager" daemon [_thread_in_native, id=14388, stack(0x0000000dccb00000,0x0000000dccc00000) (1024K)]
  0x000001dec8851060 JavaThread "Thread-0"                          [_thread_in_native, id=25704, stack(0x0000000dccc00000,0x0000000dccd00000) (1024K)]
  0x000001dec87f8a60 JavaThread "Driver Service Executor"    daemon [_thread_blocked, id=4244, stack(0x0000000dccd00000,0x0000000dcce00000) (1024K)]
  0x000001dec87f90d0 JavaThread "Driver Service Executor"    daemon [_thread_in_native, id=26292, stack(0x0000000dcce00000,0x0000000dccf00000) (1024K)]
  0x000001dec820f5b0 JavaThread "UrlChecker-2"               daemon [_thread_blocked, id=25096, stack(0x0000000dcd600000,0x0000000dcd700000) (1024K)]
  0x000001dec8824100 JavaThread "Keep-Alive-Timer"           daemon [_thread_blocked, id=9928, stack(0x0000000dcd800000,0x0000000dcd900000) (1024K)]
  0x000001dec8a9ba00 JavaThread "pool-1-thread-1"                   [_thread_blocked, id=22032, stack(0x0000000dcc900000,0x0000000dcca00000) (1024K)]
  0x000001dec8a9dad0 JavaThread "pool-1-thread-2"                   [_thread_blocked, id=21152, stack(0x0000000dcd900000,0x0000000dcda00000) (1024K)]
  0x000001dec8a9d440 JavaThread "pool-1-thread-3"                   [_thread_blocked, id=16640, stack(0x0000000dcda00000,0x0000000dcdb00000) (1024K)]
Total: 21

Other Threads:
  0x000001de824b5fd0 VMThread "VM Thread"                           [id=14808, stack(0x0000000dcbe00000,0x0000000dcbf00000) (1024K)]
  0x000001de8249d950 WatcherThread "VM Periodic Task Thread"        [id=10092, stack(0x0000000dcbd00000,0x0000000dcbe00000) (1024K)]
  0x000001dee5b96060 WorkerThread "GC Thread#0"                     [id=9480, stack(0x0000000dcb800000,0x0000000dcb900000) (1024K)]
  0x000001dec87f9740 WorkerThread "GC Thread#1"                     [id=18464, stack(0x0000000dccf00000,0x0000000dcd000000) (1024K)]
  0x000001dec87f9ae0 WorkerThread "GC Thread#2"                     [id=21228, stack(0x0000000dcd000000,0x0000000dcd100000) (1024K)]
  0x000001dec883e170 WorkerThread "GC Thread#3"                     [id=17468, stack(0x0000000dcd100000,0x0000000dcd200000) (1024K)]
  0x000001dec88de390 WorkerThread "GC Thread#4"                     [id=10492, stack(0x0000000dcd200000,0x0000000dcd300000) (1024K)]
  0x000001dec88e2740 WorkerThread "GC Thread#5"                     [id=24688, stack(0x0000000dcd300000,0x0000000dcd400000) (1024K)]
  0x000001dec88e2ae0 WorkerThread "GC Thread#6"                     [id=19152, stack(0x0000000dcd400000,0x0000000dcd500000) (1024K)]
  0x000001dec88e3e90 WorkerThread "GC Thread#7"                     [id=19628, stack(0x0000000dcd500000,0x0000000dcd600000) (1024K)]
  0x000001dee5ba7250 ConcurrentGCThread "G1 Main Marker"            [id=22760, stack(0x0000000dcb900000,0x0000000dcba00000) (1024K)]
  0x000001dee5ba7d50 WorkerThread "G1 Conc#0"                       [id=17252, stack(0x0000000dcba00000,0x0000000dcbb00000) (1024K)]
  0x000001de8236d130 ConcurrentGCThread "G1 Refine#0"               [id=25940, stack(0x0000000dcbb00000,0x0000000dcbc00000) (1024K)]
  0x000001de8236dca0 ConcurrentGCThread "G1 Service"                [id=21764, stack(0x0000000dcbc00000,0x0000000dcbd00000) (1024K)]
Total: 14

Threads with active compile tasks:
C2 CompilerThread0     2816 1669 % !   4       java.util.concurrent.ConcurrentHashMap::transfer @ 96 (849 bytes)
Total: 1

VM state: not at safepoint (normal execution)

VM Mutex/Monitor currently owned by a thread: None

Heap address: 0x0000000083a00000, size: 1990 MB, Compressed Oops mode: 32-bit

CDS archive(s) mapped at: [0x000001de83000000-0x000001de83c90000-0x000001de83c90000), size 13172736, SharedBaseAddress: 0x000001de83000000, ArchiveRelocationMode: 1.
Compressed class space mapped at: 0x000001de84000000-0x000001dec4000000, reserved size: 1073741824
Narrow klass base: 0x000001de83000000, Narrow klass shift: 0, Narrow klass range: 0x100000000

GC Precious Log:
 CardTable entry size: 512
 Card Set container configuration: InlinePtr #cards 5 size 8 Array Of Cards #cards 12 size 40 Howl #buckets 4 coarsen threshold 1843 Howl Bitmap #cards 512 size 80 coarsen threshold 460 Card regions per heap region 1 cards per card region 2048
 CPUs: 8 total, 8 available
 Memory: 7959M
 Large Page Support: Disabled
 NUMA Support: Disabled
 Compressed Oops: Enabled (32-bit)
 Heap Region Size: 1M
 Heap Min Capacity: 8M
 Heap Initial Capacity: 126M
 Heap Max Capacity: 1990M
 Pre-touch: Disabled
 Parallel Workers: 8
 Concurrent Workers: 2
 Concurrent Refinement Workers: 8
 Periodic GC: Disabled

Heap:
 garbage-first heap   total 129024K, used 16384K [0x0000000083a00000, 0x0000000100000000)
  region size 1024K, 13 young (13312K), 3 survivors (3072K)
 Metaspace       used 12136K, committed 12480K, reserved 1114112K
  class space    used 1459K, committed 1600K, reserved 1048576K

Heap Regions: E=young(eden), S=young(survivor), O=old, HS=humongous(starts), HC=humongous(continues), CS=collection set, F=free, TAMS=top-at-mark-start, PB=parsable bottom
|   0|0x0000000083a00000, 0x0000000083b00000, 0x0000000083b00000|100%|HS|  |TAMS 0x0000000083a00000| PB 0x0000000083a00000| Complete 
|   1|0x0000000083b00000, 0x0000000083b00000, 0x0000000083c00000|  0%| F|  |TAMS 0x0000000083b00000| PB 0x0000000083b00000| Untracked 
|   2|0x0000000083c00000, 0x0000000083d00000, 0x0000000083d00000|100%| O|  |TAMS 0x0000000083c00000| PB 0x0000000083c00000| Untracked 
|   3|0x0000000083d00000, 0x0000000083e00000, 0x0000000083e00000|100%| O|  |TAMS 0x0000000083d00000| PB 0x0000000083d00000| Untracked 
|   4|0x0000000083e00000, 0x0000000083f00000, 0x0000000083f00000|100%| O|  |TAMS 0x0000000083e00000| PB 0x0000000083e00000| Untracked 
|   5|0x0000000083f00000, 0x0000000083f00000, 0x0000000084000000|  0%| F|  |TAMS 0x0000000083f00000| PB 0x0000000083f00000| Untracked 
|   6|0x0000000084000000, 0x0000000084000000, 0x0000000084100000|  0%| F|  |TAMS 0x0000000084000000| PB 0x0000000084000000| Untracked 
|   7|0x0000000084100000, 0x0000000084100000, 0x0000000084200000|  0%| F|  |TAMS 0x0000000084100000| PB 0x0000000084100000| Untracked 
|   8|0x0000000084200000, 0x0000000084200000, 0x0000000084300000|  0%| F|  |TAMS 0x0000000084200000| PB 0x0000000084200000| Untracked 
|   9|0x0000000084300000, 0x0000000084300000, 0x0000000084400000|  0%| F|  |TAMS 0x0000000084300000| PB 0x0000000084300000| Untracked 
|  10|0x0000000084400000, 0x0000000084400000, 0x0000000084500000|  0%| F|  |TAMS 0x0000000084400000| PB 0x0000000084400000| Untracked 
|  11|0x0000000084500000, 0x0000000084500000, 0x0000000084600000|  0%| F|  |TAMS 0x0000000084500000| PB 0x0000000084500000| Untracked 
|  12|0x0000000084600000, 0x0000000084600000, 0x0000000084700000|  0%| F|  |TAMS 0x0000000084600000| PB 0x0000000084600000| Untracked 
|  13|0x0000000084700000, 0x0000000084700000, 0x0000000084800000|  0%| F|  |TAMS 0x0000000084700000| PB 0x0000000084700000| Untracked 
|  14|0x0000000084800000, 0x0000000084800000, 0x0000000084900000|  0%| F|  |TAMS 0x0000000084800000| PB 0x0000000084800000| Untracked 
|  15|0x0000000084900000, 0x0000000084900000, 0x0000000084a00000|  0%| F|  |TAMS 0x0000000084900000| PB 0x0000000084900000| Untracked 
|  16|0x0000000084a00000, 0x0000000084a00000, 0x0000000084b00000|  0%| F|  |TAMS 0x0000000084a00000| PB 0x0000000084a00000| Untracked 
|  17|0x0000000084b00000, 0x0000000084b00000, 0x0000000084c00000|  0%| F|  |TAMS 0x0000000084b00000| PB 0x0000000084b00000| Untracked 
|  18|0x0000000084c00000, 0x0000000084c00000, 0x0000000084d00000|  0%| F|  |TAMS 0x0000000084c00000| PB 0x0000000084c00000| Untracked 
|  19|0x0000000084d00000, 0x0000000084d00000, 0x0000000084e00000|  0%| F|  |TAMS 0x0000000084d00000| PB 0x0000000084d00000| Untracked 
|  20|0x0000000084e00000, 0x0000000084e00000, 0x0000000084f00000|  0%| F|  |TAMS 0x0000000084e00000| PB 0x0000000084e00000| Untracked 
|  21|0x0000000084f00000, 0x0000000084f00000, 0x0000000085000000|  0%| F|  |TAMS 0x0000000084f00000| PB 0x0000000084f00000| Untracked 
|  22|0x0000000085000000, 0x0000000085000000, 0x0000000085100000|  0%| F|  |TAMS 0x0000000085000000| PB 0x0000000085000000| Untracked 
|  23|0x0000000085100000, 0x0000000085100000, 0x0000000085200000|  0%| F|  |TAMS 0x0000000085100000| PB 0x0000000085100000| Untracked 
|  24|0x0000000085200000, 0x0000000085200000, 0x0000000085300000|  0%| F|  |TAMS 0x0000000085200000| PB 0x0000000085200000| Untracked 
|  25|0x0000000085300000, 0x0000000085300000, 0x0000000085400000|  0%| F|  |TAMS 0x0000000085300000| PB 0x0000000085300000| Untracked 
|  26|0x0000000085400000, 0x0000000085400000, 0x0000000085500000|  0%| F|  |TAMS 0x0000000085400000| PB 0x0000000085400000| Untracked 
|  27|0x0000000085500000, 0x0000000085500000, 0x0000000085600000|  0%| F|  |TAMS 0x0000000085500000| PB 0x0000000085500000| Untracked 
|  28|0x0000000085600000, 0x0000000085600000, 0x0000000085700000|  0%| F|  |TAMS 0x0000000085600000| PB 0x0000000085600000| Untracked 
|  29|0x0000000085700000, 0x0000000085700000, 0x0000000085800000|  0%| F|  |TAMS 0x0000000085700000| PB 0x0000000085700000| Untracked 
|  30|0x0000000085800000, 0x0000000085800000, 0x0000000085900000|  0%| F|  |TAMS 0x0000000085800000| PB 0x0000000085800000| Untracked 
|  31|0x0000000085900000, 0x0000000085900000, 0x0000000085a00000|  0%| F|  |TAMS 0x0000000085900000| PB 0x0000000085900000| Untracked 
|  32|0x0000000085a00000, 0x0000000085a00000, 0x0000000085b00000|  0%| F|  |TAMS 0x0000000085a00000| PB 0x0000000085a00000| Untracked 
|  33|0x0000000085b00000, 0x0000000085b00000, 0x0000000085c00000|  0%| F|  |TAMS 0x0000000085b00000| PB 0x0000000085b00000| Untracked 
|  34|0x0000000085c00000, 0x0000000085c00000, 0x0000000085d00000|  0%| F|  |TAMS 0x0000000085c00000| PB 0x0000000085c00000| Untracked 
|  35|0x0000000085d00000, 0x0000000085d00000, 0x0000000085e00000|  0%| F|  |TAMS 0x0000000085d00000| PB 0x0000000085d00000| Untracked 
|  36|0x0000000085e00000, 0x0000000085e00000, 0x0000000085f00000|  0%| F|  |TAMS 0x0000000085e00000| PB 0x0000000085e00000| Untracked 
|  37|0x0000000085f00000, 0x0000000085f00000, 0x0000000086000000|  0%| F|  |TAMS 0x0000000085f00000| PB 0x0000000085f00000| Untracked 
|  38|0x0000000086000000, 0x0000000086000000, 0x0000000086100000|  0%| F|  |TAMS 0x0000000086000000| PB 0x0000000086000000| Untracked 
|  39|0x0000000086100000, 0x0000000086100000, 0x0000000086200000|  0%| F|  |TAMS 0x0000000086100000| PB 0x0000000086100000| Untracked 
|  40|0x0000000086200000, 0x0000000086200000, 0x0000000086300000|  0%| F|  |TAMS 0x0000000086200000| PB 0x0000000086200000| Untracked 
|  41|0x0000000086300000, 0x0000000086300000, 0x0000000086400000|  0%| F|  |TAMS 0x0000000086300000| PB 0x0000000086300000| Untracked 
|  42|0x0000000086400000, 0x0000000086400000, 0x0000000086500000|  0%| F|  |TAMS 0x0000000086400000| PB 0x0000000086400000| Untracked 
|  43|0x0000000086500000, 0x0000000086500000, 0x0000000086600000|  0%| F|  |TAMS 0x0000000086500000| PB 0x0000000086500000| Untracked 
|  44|0x0000000086600000, 0x0000000086600000, 0x0000000086700000|  0%| F|  |TAMS 0x0000000086600000| PB 0x0000000086600000| Untracked 
|  45|0x0000000086700000, 0x0000000086700000, 0x0000000086800000|  0%| F|  |TAMS 0x0000000086700000| PB 0x0000000086700000| Untracked 
|  46|0x0000000086800000, 0x0000000086800000, 0x0000000086900000|  0%| F|  |TAMS 0x0000000086800000| PB 0x0000000086800000| Untracked 
|  47|0x0000000086900000, 0x0000000086900000, 0x0000000086a00000|  0%| F|  |TAMS 0x0000000086900000| PB 0x0000000086900000| Untracked 
|  48|0x0000000086a00000, 0x0000000086a00000, 0x0000000086b00000|  0%| F|  |TAMS 0x0000000086a00000| PB 0x0000000086a00000| Untracked 
|  49|0x0000000086b00000, 0x0000000086b00000, 0x0000000086c00000|  0%| F|  |TAMS 0x0000000086b00000| PB 0x0000000086b00000| Untracked 
|  50|0x0000000086c00000, 0x0000000086c00000, 0x0000000086d00000|  0%| F|  |TAMS 0x0000000086c00000| PB 0x0000000086c00000| Untracked 
|  51|0x0000000086d00000, 0x0000000086d00000, 0x0000000086e00000|  0%| F|  |TAMS 0x0000000086d00000| PB 0x0000000086d00000| Untracked 
|  52|0x0000000086e00000, 0x0000000086e00000, 0x0000000086f00000|  0%| F|  |TAMS 0x0000000086e00000| PB 0x0000000086e00000| Untracked 
|  53|0x0000000086f00000, 0x0000000086f00000, 0x0000000087000000|  0%| F|  |TAMS 0x0000000086f00000| PB 0x0000000086f00000| Untracked 
|  54|0x0000000087000000, 0x0000000087000000, 0x0000000087100000|  0%| F|  |TAMS 0x0000000087000000| PB 0x0000000087000000| Untracked 
|  55|0x0000000087100000, 0x0000000087100000, 0x0000000087200000|  0%| F|  |TAMS 0x0000000087100000| PB 0x0000000087100000| Untracked 
|  56|0x0000000087200000, 0x0000000087200000, 0x0000000087300000|  0%| F|  |TAMS 0x0000000087200000| PB 0x0000000087200000| Untracked 
|  57|0x0000000087300000, 0x0000000087300000, 0x0000000087400000|  0%| F|  |TAMS 0x0000000087300000| PB 0x0000000087300000| Untracked 
|  58|0x0000000087400000, 0x0000000087400000, 0x0000000087500000|  0%| F|  |TAMS 0x0000000087400000| PB 0x0000000087400000| Untracked 
|  59|0x0000000087500000, 0x0000000087500000, 0x0000000087600000|  0%| F|  |TAMS 0x0000000087500000| PB 0x0000000087500000| Untracked 
|  60|0x0000000087600000, 0x0000000087600000, 0x0000000087700000|  0%| F|  |TAMS 0x0000000087600000| PB 0x0000000087600000| Untracked 
|  61|0x0000000087700000, 0x0000000087700000, 0x0000000087800000|  0%| F|  |TAMS 0x0000000087700000| PB 0x0000000087700000| Untracked 
|  62|0x0000000087800000, 0x0000000087800000, 0x0000000087900000|  0%| F|  |TAMS 0x0000000087800000| PB 0x0000000087800000| Untracked 
|  63|0x0000000087900000, 0x0000000087900000, 0x0000000087a00000|  0%| F|  |TAMS 0x0000000087900000| PB 0x0000000087900000| Untracked 
|  64|0x0000000087a00000, 0x0000000087a00000, 0x0000000087b00000|  0%| F|  |TAMS 0x0000000087a00000| PB 0x0000000087a00000| Untracked 
|  65|0x0000000087b00000, 0x0000000087b00000, 0x0000000087c00000|  0%| F|  |TAMS 0x0000000087b00000| PB 0x0000000087b00000| Untracked 
|  66|0x0000000087c00000, 0x0000000087c00000, 0x0000000087d00000|  0%| F|  |TAMS 0x0000000087c00000| PB 0x0000000087c00000| Untracked 
|  67|0x0000000087d00000, 0x0000000087d00000, 0x0000000087e00000|  0%| F|  |TAMS 0x0000000087d00000| PB 0x0000000087d00000| Untracked 
|  68|0x0000000087e00000, 0x0000000087e00000, 0x0000000087f00000|  0%| F|  |TAMS 0x0000000087e00000| PB 0x0000000087e00000| Untracked 
|  69|0x0000000087f00000, 0x0000000087f00000, 0x0000000088000000|  0%| F|  |TAMS 0x0000000087f00000| PB 0x0000000087f00000| Untracked 
|  70|0x0000000088000000, 0x0000000088000000, 0x0000000088100000|  0%| F|  |TAMS 0x0000000088000000| PB 0x0000000088000000| Untracked 
|  71|0x0000000088100000, 0x0000000088100000, 0x0000000088200000|  0%| F|  |TAMS 0x0000000088100000| PB 0x0000000088100000| Untracked 
|  72|0x0000000088200000, 0x0000000088200000, 0x0000000088300000|  0%| F|  |TAMS 0x0000000088200000| PB 0x0000000088200000| Untracked 
|  73|0x0000000088300000, 0x0000000088300000, 0x0000000088400000|  0%| F|  |TAMS 0x0000000088300000| PB 0x0000000088300000| Untracked 
|  74|0x0000000088400000, 0x0000000088400000, 0x0000000088500000|  0%| F|  |TAMS 0x0000000088400000| PB 0x0000000088400000| Untracked 
|  75|0x0000000088500000, 0x0000000088500000, 0x0000000088600000|  0%| F|  |TAMS 0x0000000088500000| PB 0x0000000088500000| Untracked 
|  76|0x0000000088600000, 0x0000000088600000, 0x0000000088700000|  0%| F|  |TAMS 0x0000000088600000| PB 0x0000000088600000| Untracked 
|  77|0x0000000088700000, 0x0000000088700000, 0x0000000088800000|  0%| F|  |TAMS 0x0000000088700000| PB 0x0000000088700000| Untracked 
|  78|0x0000000088800000, 0x0000000088800000, 0x0000000088900000|  0%| F|  |TAMS 0x0000000088800000| PB 0x0000000088800000| Untracked 
|  79|0x0000000088900000, 0x0000000088900000, 0x0000000088a00000|  0%| F|  |TAMS 0x0000000088900000| PB 0x0000000088900000| Untracked 
|  80|0x0000000088a00000, 0x0000000088a00000, 0x0000000088b00000|  0%| F|  |TAMS 0x0000000088a00000| PB 0x0000000088a00000| Untracked 
|  81|0x0000000088b00000, 0x0000000088b00000, 0x0000000088c00000|  0%| F|  |TAMS 0x0000000088b00000| PB 0x0000000088b00000| Untracked 
|  82|0x0000000088c00000, 0x0000000088c00000, 0x0000000088d00000|  0%| F|  |TAMS 0x0000000088c00000| PB 0x0000000088c00000| Untracked 
|  83|0x0000000088d00000, 0x0000000088d00000, 0x0000000088e00000|  0%| F|  |TAMS 0x0000000088d00000| PB 0x0000000088d00000| Untracked 
|  84|0x0000000088e00000, 0x0000000088e00000, 0x0000000088f00000|  0%| F|  |TAMS 0x0000000088e00000| PB 0x0000000088e00000| Untracked 
|  85|0x0000000088f00000, 0x0000000088f00000, 0x0000000089000000|  0%| F|  |TAMS 0x0000000088f00000| PB 0x0000000088f00000| Untracked 
|  86|0x0000000089000000, 0x0000000089000000, 0x0000000089100000|  0%| F|  |TAMS 0x0000000089000000| PB 0x0000000089000000| Untracked 
|  87|0x0000000089100000, 0x0000000089100000, 0x0000000089200000|  0%| F|  |TAMS 0x0000000089100000| PB 0x0000000089100000| Untracked 
|  88|0x0000000089200000, 0x0000000089200000, 0x0000000089300000|  0%| F|  |TAMS 0x0000000089200000| PB 0x0000000089200000| Untracked 
|  89|0x0000000089300000, 0x0000000089300000, 0x0000000089400000|  0%| F|  |TAMS 0x0000000089300000| PB 0x0000000089300000| Untracked 
|  90|0x0000000089400000, 0x0000000089400000, 0x0000000089500000|  0%| F|  |TAMS 0x0000000089400000| PB 0x0000000089400000| Untracked 
|  91|0x0000000089500000, 0x0000000089500000, 0x0000000089600000|  0%| F|  |TAMS 0x0000000089500000| PB 0x0000000089500000| Untracked 
|  92|0x0000000089600000, 0x0000000089600000, 0x0000000089700000|  0%| F|  |TAMS 0x0000000089600000| PB 0x0000000089600000| Untracked 
|  93|0x0000000089700000, 0x0000000089700000, 0x0000000089800000|  0%| F|  |TAMS 0x0000000089700000| PB 0x0000000089700000| Untracked 
|  94|0x0000000089800000, 0x0000000089800000, 0x0000000089900000|  0%| F|  |TAMS 0x0000000089800000| PB 0x0000000089800000| Untracked 
|  95|0x0000000089900000, 0x0000000089900000, 0x0000000089a00000|  0%| F|  |TAMS 0x0000000089900000| PB 0x0000000089900000| Untracked 
|  96|0x0000000089a00000, 0x0000000089a00000, 0x0000000089b00000|  0%| F|  |TAMS 0x0000000089a00000| PB 0x0000000089a00000| Untracked 
|  97|0x0000000089b00000, 0x0000000089b00000, 0x0000000089c00000|  0%| F|  |TAMS 0x0000000089b00000| PB 0x0000000089b00000| Untracked 
|  98|0x0000000089c00000, 0x0000000089c00000, 0x0000000089d00000|  0%| F|  |TAMS 0x0000000089c00000| PB 0x0000000089c00000| Untracked 
|  99|0x0000000089d00000, 0x0000000089d00000, 0x0000000089e00000|  0%| F|  |TAMS 0x0000000089d00000| PB 0x0000000089d00000| Untracked 
| 100|0x0000000089e00000, 0x0000000089f00000, 0x0000000089f00000|100%| S|CS|TAMS 0x0000000089e00000| PB 0x0000000089e00000| Complete 
| 101|0x0000000089f00000, 0x000000008a000000, 0x000000008a000000|100%| S|CS|TAMS 0x0000000089f00000| PB 0x0000000089f00000| Complete 
| 102|0x000000008a000000, 0x000000008a100000, 0x000000008a100000|100%| S|CS|TAMS 0x000000008a000000| PB 0x000000008a000000| Complete 
| 103|0x000000008a100000, 0x000000008a100000, 0x000000008a200000|  0%| F|  |TAMS 0x000000008a100000| PB 0x000000008a100000| Untracked 
| 104|0x000000008a200000, 0x000000008a200000, 0x000000008a300000|  0%| F|  |TAMS 0x000000008a200000| PB 0x000000008a200000| Untracked 
| 105|0x000000008a300000, 0x000000008a300000, 0x000000008a400000|  0%| F|  |TAMS 0x000000008a300000| PB 0x000000008a300000| Untracked 
| 106|0x000000008a400000, 0x000000008a400000, 0x000000008a500000|  0%| F|  |TAMS 0x000000008a400000| PB 0x000000008a400000| Untracked 
| 107|0x000000008a500000, 0x000000008a500000, 0x000000008a600000|  0%| F|  |TAMS 0x000000008a500000| PB 0x000000008a500000| Untracked 
| 108|0x000000008a600000, 0x000000008a600000, 0x000000008a700000|  0%| F|  |TAMS 0x000000008a600000| PB 0x000000008a600000| Untracked 
| 109|0x000000008a700000, 0x000000008a700000, 0x000000008a800000|  0%| F|  |TAMS 0x000000008a700000| PB 0x000000008a700000| Untracked 
| 110|0x000000008a800000, 0x000000008a800000, 0x000000008a900000|  0%| F|  |TAMS 0x000000008a800000| PB 0x000000008a800000| Untracked 
| 111|0x000000008a900000, 0x000000008a900000, 0x000000008aa00000|  0%| F|  |TAMS 0x000000008a900000| PB 0x000000008a900000| Untracked 
| 112|0x000000008aa00000, 0x000000008aa00000, 0x000000008ab00000|  0%| F|  |TAMS 0x000000008aa00000| PB 0x000000008aa00000| Untracked 
| 113|0x000000008ab00000, 0x000000008ab00000, 0x000000008ac00000|  0%| F|  |TAMS 0x000000008ab00000| PB 0x000000008ab00000| Untracked 
| 114|0x000000008ac00000, 0x000000008ac00000, 0x000000008ad00000|  0%| F|  |TAMS 0x000000008ac00000| PB 0x000000008ac00000| Untracked 
| 115|0x000000008ad00000, 0x000000008ad00000, 0x000000008ae00000|  0%| F|  |TAMS 0x000000008ad00000| PB 0x000000008ad00000| Untracked 
| 116|0x000000008ae00000, 0x000000008aecb490, 0x000000008af00000| 79%| E|  |TAMS 0x000000008ae00000| PB 0x000000008ae00000| Complete 
| 117|0x000000008af00000, 0x000000008b000000, 0x000000008b000000|100%| E|CS|TAMS 0x000000008af00000| PB 0x000000008af00000| Complete 
| 118|0x000000008b000000, 0x000000008b100000, 0x000000008b100000|100%| E|CS|TAMS 0x000000008b000000| PB 0x000000008b000000| Complete 
| 119|0x000000008b100000, 0x000000008b200000, 0x000000008b200000|100%| E|CS|TAMS 0x000000008b100000| PB 0x000000008b100000| Complete 
| 120|0x000000008b200000, 0x000000008b300000, 0x000000008b300000|100%| E|CS|TAMS 0x000000008b200000| PB 0x000000008b200000| Complete 
| 121|0x000000008b300000, 0x000000008b400000, 0x000000008b400000|100%| E|CS|TAMS 0x000000008b300000| PB 0x000000008b300000| Complete 
| 122|0x000000008b400000, 0x000000008b500000, 0x000000008b500000|100%| E|CS|TAMS 0x000000008b400000| PB 0x000000008b400000| Complete 
| 123|0x000000008b500000, 0x000000008b600000, 0x000000008b600000|100%| E|CS|TAMS 0x000000008b500000| PB 0x000000008b500000| Complete 
| 124|0x000000008b600000, 0x000000008b700000, 0x000000008b700000|100%| E|CS|TAMS 0x000000008b600000| PB 0x000000008b600000| Complete 
| 125|0x000000008b700000, 0x000000008b800000, 0x000000008b800000|100%| E|CS|TAMS 0x000000008b700000| PB 0x000000008b700000| Complete 

Card table byte_map: [0x000001defd6d0000,0x000001defdac0000] _byte_map_base: 0x000001defd2b3000

Marking Bits: (CMBitMap*) 0x000001dee5b96760
 Bits: [0x000001defdac0000, 0x000001deff9d8000)

Polling page: 0x000001dee3a90000

Metaspace:

Usage:
  Non-class:     10.45 MB used.
      Class:      1.43 MB used.
       Both:     11.87 MB used.

Virtual space:
  Non-class space:       64.00 MB reserved,      10.62 MB ( 17%) committed,  1 nodes.
      Class space:        1.00 GB reserved,       1.56 MB ( <1%) committed,  1 nodes.
             Both:        1.06 GB reserved,      12.19 MB (  1%) committed. 

Chunk freelists:
   Non-Class:  5.02 MB
       Class:  14.31 MB
        Both:  19.33 MB

MaxMetaspaceSize: unlimited
CompressedClassSpaceSize: 1.00 GB
Initial GC threshold: 21.00 MB
Current GC threshold: 21.00 MB
CDS: on
 - commit_granule_bytes: 65536.
 - commit_granule_words: 8192.
 - virtual_space_node_default_size: 8388608.
 - enlarge_chunks_in_place: 1.
 - use_allocation_guard: 0.


Internal statistics:

num_allocs_failed_limit: 0.
num_arena_births: 308.
num_arena_deaths: 0.
num_vsnodes_births: 2.
num_vsnodes_deaths: 0.
num_space_committed: 195.
num_space_uncommitted: 0.
num_chunks_returned_to_freelist: 0.
num_chunks_taken_from_freelist: 584.
num_chunk_merges: 0.
num_chunk_splits: 359.
num_chunks_enlarged: 218.
num_inconsistent_stats: 0.

CodeHeap 'non-profiled nmethods': size=120000Kb used=569Kb max_used=569Kb free=119430Kb
 bounds [0x000001def5a70000, 0x000001def5ce0000, 0x000001defcfa0000]
CodeHeap 'profiled nmethods': size=120000Kb used=3197Kb max_used=3197Kb free=116802Kb
 bounds [0x000001deedfa0000, 0x000001deee2c0000, 0x000001def54d0000]
CodeHeap 'non-nmethods': size=5760Kb used=1590Kb max_used=1599Kb free=4169Kb
 bounds [0x000001def54d0000, 0x000001def5740000, 0x000001def5a70000]
 total_blobs=2198 nmethods=1671 adapters=432
 compilation: enabled
              stopped_count=0, restarted_count=0
 full_count=0

Compilation events (20 events):
Event: 2.740 Thread 0x000001de824edb60 nmethod 1657 0x000001deee2b5610 code [0x000001deee2b57c0, 0x000001deee2b59d8]
Event: 2.740 Thread 0x000001de824edb60 1662       3       java.lang.invoke.LambdaFormEditor::getInCache (165 bytes)
Event: 2.742 Thread 0x000001de824edb60 nmethod 1662 0x000001deee2b5b10 code [0x000001deee2b5da0, 0x000001deee2b6c50]
Event: 2.742 Thread 0x000001de824edb60 1660       3       java.lang.invoke.LambdaFormEditor$TransformKey::inRange (36 bytes)
Event: 2.742 Thread 0x000001de824edb60 nmethod 1660 0x000001deee2b7010 code [0x000001deee2b71a0, 0x000001deee2b72f8]
Event: 2.742 Thread 0x000001de824edb60 1661       3       java.lang.invoke.LambdaFormEditor$TransformKey::<init> (15 bytes)
Event: 2.743 Thread 0x000001de824edb60 nmethod 1661 0x000001deee2b7390 code [0x000001deee2b7540, 0x000001deee2b76d8]
Event: 2.743 Thread 0x000001de824edb60 1658       3       java.lang.invoke.LambdaFormEditor::bindArgumentForm (255 bytes)
Event: 2.746 Thread 0x000001de824edb60 nmethod 1658 0x000001deee2b7790 code [0x000001deee2b7b40, 0x000001deee2b8fa0]
Event: 2.746 Thread 0x000001de824edb60 1659       3       java.lang.invoke.LambdaFormEditor$TransformKey::of (49 bytes)
Event: 2.747 Thread 0x000001de824edb60 nmethod 1659 0x000001deee2b9910 code [0x000001deee2b9b20, 0x000001deee2ba078]
Event: 2.747 Thread 0x000001de824edb60 1664       3       jdk.internal.org.objectweb.asm.MethodVisitor::visitFieldInsn (20 bytes)
Event: 2.748 Thread 0x000001de824edb60 nmethod 1664 0x000001deee2ba290 code [0x000001deee2ba440, 0x000001deee2ba650]
Event: 2.748 Thread 0x000001de824edb60 1665   !   3       java.lang.invoke.MethodHandles$Lookup$ClassDefiner::defineClass (213 bytes)
Event: 2.749 Thread 0x000001de824edb60 nmethod 1665 0x000001deee2ba710 code [0x000001deee2ba980, 0x000001deee2bb328]
Event: 2.749 Thread 0x000001de824edb60 1666       3       java.lang.System$2::defineClass (21 bytes)
Event: 2.750 Thread 0x000001de824edb60 nmethod 1666 0x000001deee2bb810 code [0x000001deee2bb9c0, 0x000001deee2bbb38]
Event: 2.750 Thread 0x000001de824edb60 1668       3       java.lang.invoke.DirectMethodHandle::shouldBeInitialized (117 bytes)
Event: 2.750 Thread 0x000001de824e9370 1669 % !   4       java.util.concurrent.ConcurrentHashMap::transfer @ 96 (849 bytes)
Event: 2.751 Thread 0x000001de824edb60 nmethod 1668 0x000001deee2bbc10 code [0x000001deee2bbe60, 0x000001deee2bc650]

GC Heap History (2 events):
Event: 1.232 GC heap before
{Heap before GC invocations=0 (full 0):
 garbage-first heap   total 129024K, used 24576K [0x0000000083a00000, 0x0000000100000000)
  region size 1024K, 23 young (23552K), 0 survivors (0K)
 Metaspace       used 8466K, committed 8704K, reserved 1114112K
  class space    used 953K, committed 1088K, reserved 1048576K
}
Event: 1.245 GC heap after
{Heap after GC invocations=1 (full 0):
 garbage-first heap   total 129024K, used 7168K [0x0000000083a00000, 0x0000000100000000)
  region size 1024K, 3 young (3072K), 3 survivors (3072K)
 Metaspace       used 8466K, committed 8704K, reserved 1114112K
  class space    used 953K, committed 1088K, reserved 1048576K
}

Dll operation events (8 events):
Event: 0.012 Loaded shared library C:\Program Files\Java\jdk-21\bin\java.dll
Event: 0.063 Loaded shared library C:\Program Files\Java\jdk-21\bin\jsvml.dll
Event: 0.163 Loaded shared library C:\Program Files\Java\jdk-21\bin\net.dll
Event: 0.165 Loaded shared library C:\Program Files\Java\jdk-21\bin\nio.dll
Event: 0.172 Loaded shared library C:\Program Files\Java\jdk-21\bin\zip.dll
Event: 0.313 Loaded shared library C:\Program Files\Java\jdk-21\bin\jimage.dll
Event: 0.423 Loaded shared library C:\Program Files\Java\jdk-21\bin\extnet.dll
Event: 1.049 Loaded shared library C:\Program Files\Java\jdk-21\bin\sunmscapi.dll

Deoptimization events (20 events):
Event: 1.420 Thread 0x000001dee5b458f0 Uncommon trap: trap_request=0xffffffde fr.pc=0x000001def5ae76ac relative=0x000000000000044c
Event: 1.420 Thread 0x000001dee5b458f0 Uncommon trap: reason=class_check action=maybe_recompile pc=0x000001def5ae76ac method=java.lang.String.<init>(Ljava/lang/AbstractStringBuilder;Ljava/lang/Void;)V @ 10 c2
Event: 1.420 Thread 0x000001dee5b458f0 DEOPT PACKING pc=0x000001def5ae76ac sp=0x0000000dcb7feb10
Event: 1.420 Thread 0x000001dee5b458f0 DEOPT UNPACKING pc=0x000001def5527da2 sp=0x0000000dcb7fead8 mode 2
Event: 1.506 Thread 0x000001dee5b458f0 Uncommon trap: trap_request=0xffffffde fr.pc=0x000001def5af0d4c relative=0x000000000000012c
Event: 1.506 Thread 0x000001dee5b458f0 Uncommon trap: reason=class_check action=maybe_recompile pc=0x000001def5af0d4c method=jdk.internal.misc.Unsafe.allocateUninitializedArray(Ljava/lang/Class;I)Ljava/lang/Object; @ 51 c2
Event: 1.506 Thread 0x000001dee5b458f0 DEOPT PACKING pc=0x000001def5af0d4c sp=0x0000000dcb7fc150
Event: 1.506 Thread 0x000001dee5b458f0 DEOPT UNPACKING pc=0x000001def5527da2 sp=0x0000000dcb7fc0c8 mode 2
Event: 1.506 Thread 0x000001dee5b458f0 Uncommon trap: trap_request=0xffffffde fr.pc=0x000001def5af0d4c relative=0x000000000000012c
Event: 1.506 Thread 0x000001dee5b458f0 Uncommon trap: reason=class_check action=maybe_recompile pc=0x000001def5af0d4c method=jdk.internal.misc.Unsafe.allocateUninitializedArray(Ljava/lang/Class;I)Ljava/lang/Object; @ 51 c2
Event: 1.506 Thread 0x000001dee5b458f0 DEOPT PACKING pc=0x000001def5af0d4c sp=0x0000000dcb7fc1f0
Event: 1.506 Thread 0x000001dee5b458f0 DEOPT UNPACKING pc=0x000001def5527da2 sp=0x0000000dcb7fc168 mode 2
Event: 1.507 Thread 0x000001dee5b458f0 Uncommon trap: trap_request=0xffffffde fr.pc=0x000001def5af0d4c relative=0x000000000000012c
Event: 1.507 Thread 0x000001dee5b458f0 Uncommon trap: reason=class_check action=maybe_recompile pc=0x000001def5af0d4c method=jdk.internal.misc.Unsafe.allocateUninitializedArray(Ljava/lang/Class;I)Ljava/lang/Object; @ 51 c2
Event: 1.507 Thread 0x000001dee5b458f0 DEOPT PACKING pc=0x000001def5af0d4c sp=0x0000000dcb7fbb60
Event: 1.507 Thread 0x000001dee5b458f0 DEOPT UNPACKING pc=0x000001def5527da2 sp=0x0000000dcb7fbad8 mode 2
Event: 1.507 Thread 0x000001dee5b458f0 Uncommon trap: trap_request=0xffffffde fr.pc=0x000001def5af0d4c relative=0x000000000000012c
Event: 1.507 Thread 0x000001dee5b458f0 Uncommon trap: reason=class_check action=maybe_recompile pc=0x000001def5af0d4c method=jdk.internal.misc.Unsafe.allocateUninitializedArray(Ljava/lang/Class;I)Ljava/lang/Object; @ 51 c2
Event: 1.507 Thread 0x000001dee5b458f0 DEOPT PACKING pc=0x000001def5af0d4c sp=0x0000000dcb7fc010
Event: 1.507 Thread 0x000001dee5b458f0 DEOPT UNPACKING pc=0x000001def5527da2 sp=0x0000000dcb7fbf88 mode 2

Classes loaded (20 events):
Event: 2.723 Loading class java/util/stream/ReferencePipeline$5
Event: 2.723 Loading class java/util/stream/LongPipeline$StatelessOp
Event: 2.723 Loading class java/util/stream/LongPipeline
Event: 2.723 Loading class java/util/stream/LongStream
Event: 2.724 Loading class java/util/stream/LongStream done
Event: 2.725 Loading class java/util/stream/LongPipeline done
Event: 2.726 Loading class java/util/stream/LongPipeline$StatelessOp done
Event: 2.726 Loading class java/util/stream/ReferencePipeline$5 done
Event: 2.726 Loading class java/util/stream/FindOps$FindSink$OfLong
Event: 2.726 Loading class java/util/stream/Sink$OfLong
Event: 2.726 Loading class java/util/stream/Sink$OfLong done
Event: 2.727 Loading class java/util/stream/FindOps$FindSink$OfLong done
Event: 2.727 Loading class java/util/OptionalLong
Event: 2.727 Loading class java/util/OptionalLong done
Event: 2.731 Loading class java/util/stream/ReferencePipeline$5$1
Event: 2.731 Loading class java/util/stream/ReferencePipeline$5$1 done
Event: 2.732 Loading class java/lang/invoke/VarHandleBytes$FieldInstanceReadWrite
Event: 2.732 Loading class java/lang/invoke/VarHandleBytes$FieldInstanceReadOnly
Event: 2.732 Loading class java/lang/invoke/VarHandleBytes$FieldInstanceReadOnly done
Event: 2.733 Loading class java/lang/invoke/VarHandleBytes$FieldInstanceReadWrite done

Classes unloaded (0 events):
No events

Classes redefined (0 events):
No events

Internal exceptions (20 events):
Event: 1.217 Thread 0x000001dee5b458f0 Exception <a 'java/lang/NoSuchMethodError'{0x000000008a105b48}: 'void java.lang.invoke.DirectMethodHandle$Holder.invokeStatic(java.lang.Object, long)'> (0x000000008a105b48) 
thrown [s\open\src\hotspot\share\interpreter\linkResolver.cpp, line 773]
Event: 1.218 Thread 0x000001dee5b458f0 Exception <a 'java/lang/NoSuchMethodError'{0x000000008a10a718}: 'java.lang.Object java.lang.invoke.DirectMethodHandle$Holder.newInvokeSpecial(java.lang.Object, long)'> (0x000000008a10a718) 
thrown [s\open\src\hotspot\share\interpreter\linkResolver.cpp, line 773]
Event: 1.220 Thread 0x000001dee5b458f0 Exception <a 'java/lang/NoSuchMethodError'{0x000000008a110940}: 'java.lang.Object java.lang.invoke.DirectMethodHandle$Holder.invokeStatic(java.lang.Object, long, java.lang.Object)'> (0x000000008a110940) 
thrown [s\open\src\hotspot\share\interpreter\linkResolver.cpp, line 773]
Event: 1.221 Thread 0x000001dee5b458f0 Exception <a 'java/lang/NoSuchMethodError'{0x000000008a1140c8}: 'java.lang.Object java.lang.invoke.DirectMethodHandle$Holder.invokeStaticInit(java.lang.Object, long, java.lang.Object)'> (0x000000008a1140c8) 
thrown [s\open\src\hotspot\share\interpreter\linkResolver.cpp, line 773]
Event: 1.268 Thread 0x000001dec820f5b0 Exception <a 'java/net/ConnectException'{0x000000008b7d8d88}: Connection refused: getsockopt> (0x000000008b7d8d88) 
thrown [s\open\src\hotspot\share\prims\jni.cpp, line 539]
Event: 1.287 Thread 0x000001dec820f5b0 Exception <a 'java/net/ConnectException'{0x000000008b7d9e78}: Connection refused: getsockopt> (0x000000008b7d9e78) 
thrown [s\open\src\hotspot\share\prims\jni.cpp, line 539]
Event: 1.348 Thread 0x000001dee5b458f0 Exception <a 'java/lang/NoSuchMethodError'{0x000000008b66c698}: 'double java.lang.invoke.DirectMethodHandle$Holder.invokeVirtual(java.lang.Object, java.lang.Object)'> (0x000000008b66c698) 
thrown [s\open\src\hotspot\share\interpreter\linkResolver.cpp, line 773]
Event: 1.349 Thread 0x000001dee5b458f0 Exception <a 'java/lang/NoSuchMethodError'{0x000000008b672668}: 'float java.lang.invoke.DirectMethodHandle$Holder.invokeVirtual(java.lang.Object, java.lang.Object)'> (0x000000008b672668) 
thrown [s\open\src\hotspot\share\interpreter\linkResolver.cpp, line 773]
Event: 1.351 Thread 0x000001dee5b458f0 Exception <a 'java/lang/NoSuchMethodError'{0x000000008b67a830}: 'long java.lang.invoke.DirectMethodHandle$Holder.invokeVirtual(java.lang.Object, java.lang.Object)'> (0x000000008b67a830) 
thrown [s\open\src\hotspot\share\interpreter\linkResolver.cpp, line 773]
Event: 1.359 Thread 0x000001dee5b458f0 Exception <a 'java/lang/NoSuchMethodError'{0x000000008b6a4f80}: 'void java.lang.invoke.DirectMethodHandle$Holder.invokeStatic(java.lang.Object, java.lang.Object, java.lang.Object)'> (0x000000008b6a4f80) 
thrown [s\open\src\hotspot\share\interpreter\linkResolver.cpp, line 773]
Event: 1.360 Thread 0x000001dee5b458f0 Exception <a 'java/lang/NoSuchMethodError'{0x000000008b6aac60}: 'java.lang.Object java.lang.invoke.DirectMethodHandle$Holder.invokeVirtual(java.lang.Object, java.lang.Object, java.lang.Object)'> (0x000000008b6aac60) 
thrown [s\open\src\hotspot\share\interpreter\linkResolver.cpp, line 773]
Event: 1.408 Thread 0x000001dee5b458f0 Exception <a 'java/lang/NoSuchMethodError'{0x000000008b5c1748}: 'java.lang.Object java.lang.invoke.DirectMethodHandle$Holder.newInvokeSpecial(java.lang.Object, java.lang.Object, int, int)'> (0x000000008b5c1748) 
thrown [s\open\src\hotspot\share\interpreter\linkResolver.cpp, line 773]
Event: 1.409 Thread 0x000001dee5b458f0 Exception <a 'java/lang/NoSuchMethodError'{0x000000008b5cbe70}: 'void java.lang.invoke.DirectMethodHandle$Holder.invokeStatic(java.lang.Object, java.lang.Object, int)'> (0x000000008b5cbe70) 
thrown [s\open\src\hotspot\share\interpreter\linkResolver.cpp, line 773]
Event: 1.451 Thread 0x000001dee5b458f0 Exception <a 'java/lang/NoSuchMethodError'{0x000000008b312af8}: 'java.lang.Object java.lang.invoke.DirectMethodHandle$Holder.newInvokeSpecial(java.lang.Object, java.lang.Object, java.lang.Object, java.lang.Object, java.lang.Object)'> (0x000000008b312af8) 
thrown [s\open\src\hotspot\share\interpreter\linkResolver.cpp, line 773]
Event: 1.548 Thread 0x000001dee5b458f0 Exception <a 'java/lang/NoSuchMethodError'{0x000000008b189e90}: 'void java.lang.invoke.DirectMethodHandle$Holder.invokeSpecial(java.lang.Object, java.lang.Object, java.lang.Object)'> (0x000000008b189e90) 
thrown [s\open\src\hotspot\share\interpreter\linkResolver.cpp, line 773]
Event: 1.550 Thread 0x000001dee5b458f0 Exception <a 'java/lang/NoSuchMethodError'{0x000000008b196b70}: 'void java.lang.invoke.DirectMethodHandle$Holder.invokeStatic(java.lang.Object, java.lang.Object, java.lang.Object, java.lang.Object)'> (0x000000008b196b70) 
thrown [s\open\src\hotspot\share\interpreter\linkResolver.cpp, line 773]
Event: 1.608 Thread 0x000001dec8a9ba00 Exception <a 'java/lang/NoSuchMethodError'{0x000000008b032268}: 'java.lang.Object java.lang.invoke.DirectMethodHandle$Holder.invokeSpecial(java.lang.Object, java.lang.Object, java.lang.Object, java.lang.Object, int)'> (0x000000008b032268) 
thrown [s\open\src\hotspot\share\interpreter\linkResolver.cpp, line 773]
Event: 1.608 Thread 0x000001dec8a9ba00 Exception <a 'java/lang/NoSuchMethodError'{0x000000008b035df0}: 'java.lang.Object java.lang.invoke.Invokers$Holder.linkToTargetMethod(java.lang.Object, java.lang.Object, int, java.lang.Object)'> (0x000000008b035df0) 
thrown [s\open\src\hotspot\share\interpreter\linkResolver.cpp, line 773]
Event: 1.631 Thread 0x000001dec8a9ba00 Exception <a 'java/lang/NoSuchMethodError'{0x000000008b075dd8}: 'void java.lang.invoke.DirectMethodHandle$Holder.invokeSpecial(java.lang.Object, java.lang.Object, java.lang.Object, java.lang.Object, java.lang.Object)'> (0x000000008b075dd8) 
thrown [s\open\src\hotspot\share\interpreter\linkResolver.cpp, line 773]
Event: 2.745 Thread 0x000001dec8a9ba00 Exception <a 'java/lang/NoSuchMethodError'{0x000000008afabe50}: 'void java.lang.invoke.DirectMethodHandle$Holder.invokeSpecial(java.lang.Object, java.lang.Object, java.lang.Object, java.lang.Object, java.lang.Object, java.lang.Object, java.lang.Object)'> (0x000000008afabe50) 
thrown [s\open\src\hotspot\share\interpreter\linkResolver.cpp, line 773]

ZGC Phase Switch (0 events):
No events

VM Operations (20 events):
Event: 1.090 Executing VM operation: Cleanup
Event: 1.091 Executing VM operation: Cleanup done
Event: 1.229 Executing VM operation: HandshakeAllThreads (Deoptimize)
Event: 1.229 Executing VM operation: HandshakeAllThreads (Deoptimize) done
Event: 1.231 Executing VM operation: G1CollectForAllocation (G1 Evacuation Pause)
Event: 1.232 Executing VM operation: G1CollectForAllocation (G1 Evacuation Pause) done
Event: 1.232 Executing VM operation: G1CollectForAllocation (GCLocker Initiated GC)
Event: 1.246 Executing VM operation: G1CollectForAllocation (GCLocker Initiated GC) done
Event: 1.326 Executing VM operation: HandshakeAllThreads (Deoptimize)
Event: 1.326 Executing VM operation: HandshakeAllThreads (Deoptimize) done
Event: 1.371 Executing VM operation: HandshakeAllThreads (Deoptimize)
Event: 1.371 Executing VM operation: HandshakeAllThreads (Deoptimize) done
Event: 1.422 Executing VM operation: HandshakeAllThreads (Deoptimize)
Event: 1.422 Executing VM operation: HandshakeAllThreads (Deoptimize) done
Event: 2.431 Executing VM operation: Cleanup
Event: 2.431 Executing VM operation: Cleanup done
Event: 2.712 Executing VM operation: HandshakeAllThreads (Deoptimize)
Event: 2.712 Executing VM operation: HandshakeAllThreads (Deoptimize) done
Event: 2.715 Executing VM operation: HandshakeAllThreads (Deoptimize)
Event: 2.715 Executing VM operation: HandshakeAllThreads (Deoptimize) done

Events (20 events):
Event: 0.059 Thread 0x000001de824d8ed0 Thread added: 0x000001de824d8ed0
Event: 0.059 Thread 0x000001de824dbde0 Thread added: 0x000001de824dbde0
Event: 0.060 Thread 0x000001de824dc930 Thread added: 0x000001de824dc930
Event: 0.060 Thread 0x000001de824dd480 Thread added: 0x000001de824dd480
Event: 0.060 Thread 0x000001de824e9370 Thread added: 0x000001de824e9370
Event: 0.060 Thread 0x000001de824edb60 Thread added: 0x000001de824edb60
Event: 0.148 Thread 0x000001de8279bf80 Thread added: 0x000001de8279bf80
Event: 0.152 Thread 0x000001de827a0370 Thread added: 0x000001de827a0370
Event: 0.330 Thread 0x000001de824eefd0 Thread added: 0x000001de824eefd0
Event: 0.574 Thread 0x000001dec831c6f0 Thread added: 0x000001dec831c6f0
Event: 1.102 Thread 0x000001dec8791f10 Thread added: 0x000001dec8791f10
Event: 1.227 Thread 0x000001dec8851060 Thread added: 0x000001dec8851060
Event: 1.229 Thread 0x000001dec87f8a60 Thread added: 0x000001dec87f8a60
Event: 1.231 Thread 0x000001dec87f90d0 Thread added: 0x000001dec87f90d0
Event: 1.257 Thread 0x000001dec820f5b0 Thread added: 0x000001dec820f5b0
Event: 1.325 Thread 0x000001dec8824100 Thread added: 0x000001dec8824100
Event: 1.352 Thread 0x000001de824eefd0 Thread exited: 0x000001de824eefd0
Event: 1.586 Thread 0x000001dec8a9ba00 Thread added: 0x000001dec8a9ba00
Event: 1.649 Thread 0x000001dec8a9dad0 Thread added: 0x000001dec8a9dad0
Event: 1.650 Thread 0x000001dec8a9d440 Thread added: 0x000001dec8a9d440


Dynamic libraries:
0x00007ff7671d0000 - 0x00007ff7671e0000 	C:\Program Files\Java\jdk-21\bin\javaw.exe
0x00007ffb5e250000 - 0x00007ffb5e467000 	C:\WINDOWS\SYSTEM32\ntdll.dll
0x00007ffb5ca70000 - 0x00007ffb5cb34000 	C:\WINDOWS\System32\KERNEL32.DLL
0x00007ffb5b9a0000 - 0x00007ffb5bd46000 	C:\WINDOWS\System32\KERNELBASE.dll
0x00007ffb5be10000 - 0x00007ffb5bf21000 	C:\WINDOWS\System32\ucrtbase.dll
0x00007ffb17dd0000 - 0x00007ffb17de9000 	C:\Program Files\Java\jdk-21\bin\jli.dll
0x00007ffb212c0000 - 0x00007ffb212db000 	C:\Program Files\Java\jdk-21\bin\VCRUNTIME140.dll
0x00007ffb5c100000 - 0x00007ffb5c1b3000 	C:\WINDOWS\System32\ADVAPI32.dll
0x00007ffb5cbc0000 - 0x00007ffb5cc67000 	C:\WINDOWS\System32\msvcrt.dll
0x00007ffb5e160000 - 0x00007ffb5e208000 	C:\WINDOWS\System32\sechost.dll
0x00007ffb5b970000 - 0x00007ffb5b998000 	C:\WINDOWS\System32\bcrypt.dll
0x00007ffb5c670000 - 0x00007ffb5c787000 	C:\WINDOWS\System32\RPCRT4.dll
0x00007ffb5c790000 - 0x00007ffb5c93e000 	C:\WINDOWS\System32\USER32.dll
0x00007ffb5b7a0000 - 0x00007ffb5b7c6000 	C:\WINDOWS\System32\win32u.dll
0x00007ffb5a790000 - 0x00007ffb5aa23000 	C:\WINDOWS\WinSxS\amd64_microsoft.windows.common-controls_6595b64144ccf1df_6.0.22621.2506_none_270c5ae97388e100\COMCTL32.dll
0x00007ffb5db90000 - 0x00007ffb5dbb9000 	C:\WINDOWS\System32\GDI32.dll
0x00007ffb5b850000 - 0x00007ffb5b968000 	C:\WINDOWS\System32\gdi32full.dll
0x00007ffb5b700000 - 0x00007ffb5b79a000 	C:\WINDOWS\System32\msvcp_win.dll
0x00007ffb52e80000 - 0x00007ffb52e8a000 	C:\WINDOWS\SYSTEM32\VERSION.dll
0x00007ffb5c380000 - 0x00007ffb5c3b1000 	C:\WINDOWS\System32\IMM32.DLL
0x00007ffb44d00000 - 0x00007ffb44d0c000 	C:\Program Files\Java\jdk-21\bin\vcruntime140_1.dll
0x00007ffae4540000 - 0x00007ffae45ce000 	C:\Program Files\Java\jdk-21\bin\msvcp140.dll
0x00007ffafa8d0000 - 0x00007ffafb5e7000 	C:\Program Files\Java\jdk-21\bin\server\jvm.dll
0x00007ffb5dbc0000 - 0x00007ffb5dc31000 	C:\WINDOWS\System32\WS2_32.dll
0x00007ffb5b460000 - 0x00007ffb5b4ad000 	C:\WINDOWS\SYSTEM32\POWRPROF.dll
0x00007ffb53350000 - 0x00007ffb53384000 	C:\WINDOWS\SYSTEM32\WINMM.dll
0x00007ffb5b440000 - 0x00007ffb5b453000 	C:\WINDOWS\SYSTEM32\UMPDC.dll
0x00007ffb597f0000 - 0x00007ffb59808000 	C:\WINDOWS\SYSTEM32\kernel.appcore.dll
0x00007ffb31fd0000 - 0x00007ffb31fda000 	C:\Program Files\Java\jdk-21\bin\jimage.dll
0x00007ffb5ae20000 - 0x00007ffb5b053000 	C:\WINDOWS\SYSTEM32\DBGHELP.DLL
0x00007ffb5cfa0000 - 0x00007ffb5d329000 	C:\WINDOWS\System32\combase.dll
0x00007ffb5cc70000 - 0x00007ffb5cd47000 	C:\WINDOWS\System32\OLEAUT32.dll
0x00007ffb5ad00000 - 0x00007ffb5ad32000 	C:\WINDOWS\SYSTEM32\dbgcore.DLL
0x00007ffb5b7d0000 - 0x00007ffb5b84a000 	C:\WINDOWS\System32\bcryptPrimitives.dll
0x00007ffb0aeb0000 - 0x00007ffb0aecf000 	C:\Program Files\Java\jdk-21\bin\java.dll
0x00007ffb5d330000 - 0x00007ffb5db8b000 	C:\WINDOWS\System32\SHELL32.dll
0x00007ffb58710000 - 0x00007ffb59006000 	C:\WINDOWS\SYSTEM32\windows.storage.dll
0x00007ffb585d0000 - 0x00007ffb5870e000 	C:\WINDOWS\SYSTEM32\wintypes.dll
0x00007ffb5c570000 - 0x00007ffb5c663000 	C:\WINDOWS\System32\SHCORE.dll
0x00007ffb5cb40000 - 0x00007ffb5cb9e000 	C:\WINDOWS\System32\shlwapi.dll
0x00007ffb5b4c0000 - 0x00007ffb5b4e6000 	C:\WINDOWS\SYSTEM32\profapi.dll
0x00007ffafbb80000 - 0x00007ffafbc57000 	C:\Program Files\Java\jdk-21\bin\jsvml.dll
0x00007ffb2a1f0000 - 0x00007ffb2a200000 	C:\Program Files\Java\jdk-21\bin\net.dll
0x00007ffb53710000 - 0x00007ffb53847000 	C:\WINDOWS\SYSTEM32\WINHTTP.dll
0x00007ffb5a320000 - 0x00007ffb5a389000 	C:\WINDOWS\system32\mswsock.dll
0x00007ffb0ae60000 - 0x00007ffb0ae76000 	C:\Program Files\Java\jdk-21\bin\nio.dll
0x00007ffafc170000 - 0x00007ffafc188000 	C:\Program Files\Java\jdk-21\bin\zip.dll
0x00007ffb0ba90000 - 0x00007ffb0ba99000 	C:\Program Files\Java\jdk-21\bin\extnet.dll
0x00007ffb592e0000 - 0x00007ffb593d9000 	C:\WINDOWS\SYSTEM32\DNSAPI.dll
0x00007ffb59270000 - 0x00007ffb5929d000 	C:\WINDOWS\SYSTEM32\IPHLPAPI.DLL
0x00007ffb5ca00000 - 0x00007ffb5ca09000 	C:\WINDOWS\System32\NSI.dll
0x00007ffb4d260000 - 0x00007ffb4d26a000 	C:\Windows\System32\rasadhlp.dll
0x00007ffb51a80000 - 0x00007ffb51b03000 	C:\WINDOWS\System32\fwpuclnt.dll
0x00007ffb5b140000 - 0x00007ffb5b15b000 	C:\WINDOWS\SYSTEM32\CRYPTSP.dll
0x00007ffb59750000 - 0x00007ffb59785000 	C:\WINDOWS\system32\rsaenh.dll
0x00007ffb5a410000 - 0x00007ffb5a43c000 	C:\WINDOWS\SYSTEM32\USERENV.dll
0x00007ffb5a5b0000 - 0x00007ffb5a5bc000 	C:\WINDOWS\SYSTEM32\CRYPTBASE.dll
0x00007ffb577e0000 - 0x00007ffb577ee000 	C:\Program Files\Java\jdk-21\bin\sunmscapi.dll
0x00007ffb5b590000 - 0x00007ffb5b6f6000 	C:\WINDOWS\System32\CRYPT32.dll
0x00007ffb5a760000 - 0x00007ffb5a78e000 	C:\WINDOWS\SYSTEM32\ncrypt.dll
0x00007ffb5a720000 - 0x00007ffb5a757000 	C:\WINDOWS\SYSTEM32\NTASN1.dll
0x00007ffaf8cb0000 - 0x00007ffaf8cb8000 	C:\WINDOWS\system32\wshunix.dll

dbghelp: loaded successfully - version: 4.0.5 - missing functions: none
symbol engine: initialized successfully - sym options: 0x614 - pdb path: .;C:\Program Files\Java\jdk-21\bin;C:\WINDOWS\SYSTEM32;C:\WINDOWS\WinSxS\amd64_microsoft.windows.common-controls_6595b64144ccf1df_6.0.22621.2506_none_270c5ae97388e100;C:\Program Files\Java\jdk-21\bin\server

VM Arguments:
jvm_args: -Dfile.encoding=UTF-8 -Dstdout.encoding=UTF-8 -Dstderr.encoding=UTF-8 -XX:+ShowCodeDetailsInExceptionMessages 
java_command: Practice.DatePicker
java_class_path (initial): C:\Users\DELL\eclipse-workspace\bccsolutions\target\test-classes;C:\Users\DELL\eclipse-workspace\bccsolutions\target\classes;C:\Users\DELL\.m2\repository\junit\junit\4.11\junit-4.11.jar;C:\Users\DELL\.m2\repository\org\hamcrest\hamcrest-core\1.3\hamcrest-core-1.3.jar;C:\Users\DELL\.m2\repository\org\seleniumhq\selenium\selenium-java\4.15.0\selenium-java-4.15.0.jar;C:\Users\DELL\.m2\repository\org\seleniumhq\selenium\selenium-api\4.15.0\selenium-api-4.15.0.jar;C:\Users\DELL\.m2\repository\org\seleniumhq\selenium\selenium-chrome-driver\4.15.0\selenium-chrome-driver-4.15.0.jar;C:\Users\DELL\.m2\repository\com\google\auto\service\auto-service-annotations\1.1.1\auto-service-annotations-1.1.1.jar;C:\Users\DELL\.m2\repository\org\seleniumhq\selenium\selenium-chromium-driver\4.15.0\selenium-chromium-driver-4.15.0.jar;C:\Users\DELL\.m2\repository\org\seleniumhq\selenium\selenium-json\4.15.0\selenium-json-4.15.0.jar;C:\Users\DELL\.m2\repository\org\seleniumhq\selenium\selenium-manager\4.15.0\selenium-manager-4.15.0.jar;C:\Users\DELL\.m2\repository\org\seleniumhq\selenium\selenium-devtools-v117\4.15.0\selenium-devtools-v117-4.15.0.jar;C:\Users\DELL\.m2\repository\org\seleniumhq\selenium\selenium-devtools-v118\4.15.0\selenium-devtools-v118-4.15.0.jar;C:\Users\DELL\.m2\repository\org\seleniumhq\selenium\selenium-devtools-v119\4.15.0\selenium-devtools-v119-4.15.0.jar;C:\Users\DELL\.m2\repository\org\seleniumhq\selenium\selenium-devtools-v85\4.15.0\selenium-devtools-v85-4.15.0.jar;C:\Users\DELL\.m2\repository\org\seleniumhq\selenium\selenium-edge-driver\4.15.0\selenium-edge-driver-4.15.0.jar;C:\Users\DELL\.m2\repository\org\seleniumhq\selenium\selenium-firefox-driver\4.15.0\selenium-firefox-driver-4.15.0.jar;C:\Users\DELL\.m2\repository\org\seleniumhq\selenium\selenium-http\4.15.0\selenium-http-4.15.0.jar;C:\Users\DELL\.m2\repository\dev\failsafe\failsafe\3.3.2\failsafe-3.3.2.jar;C:\Users\DELL\.m2\repository\org\seleniumhq\selenium\selenium-ie-driver\4.15.0\selenium-ie-driver-4.15.0.jar;C:\Users\DELL\.m2\repository\org\seleniumhq\selenium\selenium-remote-driver\4.15.0\selenium-remote-driver-4.15.0.jar;C:\Users\DELL\.m2\repository\com\google\guava\guava\32.1.2-jre\guava-32.1.2-jre.jar;C:\Users\DELL\.m2\repository\com\google\guava\failureaccess\1.0.1\failureaccess-1.0.1.jar;C:\Users\DELL\.m2\repository\com\google\guava\listenablefuture\9999.0-empty-to-avoid-conflict-with-guava\listenablefuture-9999.0-empty-to-avoid-conflict-with-guava.jar;C:\Users\DELL\.m2\repository\com\google\code\findbugs\jsr305\3.0.2\jsr305-3.0.2.jar;C:\Users\DELL\.m2\repository\org\checkerframework\checker-qual\3.33.0\checker-qual-3.33.0.jar;C:\Users\DELL\.m2\repository\com\google\errorprone\error_prone_annotations\2.18.0\error_prone_annotations-2.18.0.jar;C:\Users\DELL\.m2\repository\com\google\j2objc\j2objc-annotations\2.8\j2objc-annotations-2.8.jar;C:\Users\DELL\.m2\repository\io\opentelemetry\opentelemetry-api\1.28.0\opentelemetry-api-1.28.0.jar;C:\Users\DELL\.m2\repository\io\opentelemetry\opentelemetry-context\1.28.0\opentelemetry-context-1.28.0.jar;C:\Users\DELL\.m2\repository\io\opentelemetry\opentelemetry-exporter-logging\1.28.0\opentelemetry-exporter-logging-1.28.0.jar;C:\Users\DELL\.m2\repository\io\opentelemetry\opentelemetry-sdk-metrics\1.28.0\opentelemetry-sdk-metrics-1.28.0.jar;C:\Users\DELL\.m2\repository\io\opentelemetry\opentelemetry-extension-incubator\1.28.0-alpha\opentelemetry-extension-incubator-1.28.0-alpha.jar;C:\Users\DELL\.m2\repository\io\opentelemetry\opentelemetry-sdk-logs\1.28.0\opentelemetry-sdk-logs-1.28.0.jar;C:\Users\DELL\.m2\repository\io\opentelemetry\opentelemetry-sdk-common\1.28.0\opentelemetry-sdk-common-1.28.0.jar;C:\Users\DELL\.m2\repository\io\opentelemetry\opentelemetry-sdk-extension-autoconfigure-spi\1.28.0\opentelemetry-sdk-extension-autoconfigure-spi-1.28.0.jar;C:\Users\DELL\.m2\repository\io\opentelemetry\opentelemetry-sdk-extension-autoconfigure\1.28.0\opentelemetry-sdk-extension-autoconfigure-1.28.0.jar;C:\Users\DELL\.m2\repository\io\opentelemetry\opentelemetry-api-events\1.28.0-alpha\opentelemetry-api-events-1.28.0-alpha.jar;C:\Users\DELL\.m2\repository\io\opentelemetry\opentelemetry-sdk-trace\1.28.0\opentelemetry-sdk-trace-1.28.0.jar;C:\Users\DELL\.m2\repository\io\opentelemetry\opentelemetry-sdk\1.28.0\opentelemetry-sdk-1.28.0.jar;C:\Users\DELL\.m2\repository\io\opentelemetry\opentelemetry-semconv\1.28.0-alpha\opentelemetry-semconv-1.28.0-alpha.jar;C:\Users\DELL\.m2\repository\net\bytebuddy\byte-buddy\1.14.5\byte-buddy-1.14.5.jar;C:\Users\DELL\.m2\repository\org\seleniumhq\selenium\selenium-os\4.15.0\selenium-os-4.15.0.jar;C:\Users\DELL\.m2\repository\org\apache\commons\commons-exec\1.3\commons-exec-1.3.jar;C:\Users\DELL\.m2\repository\org\seleniumhq\selenium\selenium-safari-driver\4.15.0\selenium-safari-driver-4.15.0.jar;C:\Users\DELL\.m2\repository\org\seleniumhq\selenium\selenium-support\4.15.0\selenium-support-4.15.0.jar;C:\Users\DELL\.m2\repository\io\github\bonigarcia\webdrivermanager\5.6.3\webdrivermanager-5.6.3.jar;C:\Users\DELL\.m2\repository\org\slf4j\slf4j-api\2.0.10\slf4j-api-2.0.10.jar;C:\Users\DELL\.m2\repository\com\google\code\gson\gson\2.10.1\gson-2.10.1.jar;C:\Users\DELL\.m2\repository\com\github\docker-java\docker-java\3.3.4\docker-java-3.3.4.jar;C:\Users\DELL\.m2\repository\com\github\docker-java\docker-java-core\3.3.4\docker-java-core-3.3.4.jar;C:\Users\DELL\.m2\repository\com\github\docker-java\docker-java-api\3.3.4\docker-java-api-3.3.4.jar;C:\Users\DELL\.m2\repository\com\fasterxml\jackson\core\jackson-annotations\2.10.3\jackson-annotations-2.10.3.jar;C:\Users\DELL\.m2\repository\commons-io\commons-io\2.13.0\commons-io-2.13.0.jar;C:\Users\DELL\.m2\repository\com\fasterxml\jackson\core\jackson-databind\2.10.3\jackson-databind-2.10.3.jar;C:\Users\DELL\.m2\repository\com\fasterxml\jackson\core\jackson-core\2.10.3\jackson-core-2.10.3.jar;C:\Users\DELL\.m2\repository\org\bouncycastle\bcpkix-jdk18on\1.76\bcpkix-jdk18on-1.76.jar;C:\Users\DELL\.m2\repository\org\bouncycastle\bcprov-jdk18on\1.76\bcprov-jdk18on-1.76.jar;C:\Users\DELL\.m2\repository\org\bouncycastle\bcutil-jdk18on\1.76\bcutil-jdk18on-1.76.jar;C:\Users\DELL\.m2\repository\org\slf4j\jcl-over-slf4j\1.7.30\jcl-over-slf4j-1.7.30.jar;C:\Users\DELL\.m2\repository\com\github\docker-java\docker-java-transport-httpclient5\3.3.4\docker-java-transport-httpclient5-3.3.4.jar;C:\Users\DELL\.m2\repository\com\github\docker-java\docker-java-transport\3.3.4\docker-java-transport-3.3.4.jar;C:\Users\DELL\.m2\repository\net\java\dev\jna\jna\5.13.0\jna-5.13.0.jar;C:\Users\DELL\.m2\repository\org\brotli\dec\0.1.2\dec-0.1.2.jar;C:\Users\DELL\.m2\repository\org\apache\commons\commons-lang3\3.14.0\commons-lang3-3.14.0.jar;C:\Users\DELL\.m2\repository\org\apache\commons\commons-compress\1.25.0\commons-compress-1.25.0.jar;C:\Users\DELL\.m2\repository\org\apache\httpcomponents\client5\httpclient5\5.2.1\httpclient5-5.2.1.jar;C:\Users\DELL\.m2\repository\org\apache\httpcomponents\core5\httpcore5\5.2\httpcore5-5.2.jar;C:\Users\DELL\.m2\repository\org\apache\httpcomponents\core5\httpcore5-h2\5.2\httpcore5-h2-5.2.jar
Launcher Type: SUN_STANDARD

[Global flags]
     intx CICompilerCount                          = 4                                         {product} {ergonomic}
     uint ConcGCThreads                            = 2                                         {product} {ergonomic}
     uint G1ConcRefinementThreads                  = 8                                         {product} {ergonomic}
   size_t G1HeapRegionSize                         = 1048576                                   {product} {ergonomic}
    uintx GCDrainStackTargetSize                   = 64                                        {product} {ergonomic}
   size_t InitialHeapSize                          = 132120576                                 {product} {ergonomic}
   size_t MarkStackSize                            = 4194304                                   {product} {ergonomic}
   size_t MaxHeapSize                              = 2086666240                                {product} {ergonomic}
   size_t MaxNewSize                               = 1251999744                                {product} {ergonomic}
   size_t MinHeapDeltaBytes                        = 1048576                                   {product} {ergonomic}
   size_t MinHeapSize                              = 8388608                                   {product} {ergonomic}
    uintx NonNMethodCodeHeapSize                   = 5839372                                {pd product} {ergonomic}
    uintx NonProfiledCodeHeapSize                  = 122909434                              {pd product} {ergonomic}
    uintx ProfiledCodeHeapSize                     = 122909434                              {pd product} {ergonomic}
    uintx ReservedCodeCacheSize                    = 251658240                              {pd product} {ergonomic}
     bool SegmentedCodeCache                       = true                                      {product} {ergonomic}
     bool ShowCodeDetailsInExceptionMessages       = true                                   {manageable} {command line}
   size_t SoftMaxHeapSize                          = 2086666240                             {manageable} {ergonomic}
     bool UseCompressedOops                        = true                           {product lp64_product} {ergonomic}
     bool UseG1GC                                  = true                                      {product} {ergonomic}
     bool UseLargePagesIndividualAllocation        = false                                  {pd product} {ergonomic}

Logging:
Log output configuration:
 #0: stdout all=warning uptime,level,tags foldmultilines=false
 #1: stderr all=off uptime,level,tags foldmultilines=false

Environment Variables:
JAVA_HOME=C:\Program Files\Java\jdk-21
PATH=C:/Program Files/Java/jdk-21/bin/server;C:/Program Files/Java/jdk-21/bin;C:\Program Files\Common Files\Oracle\Java\javapath;C:\WINDOWS\system32;C:\WINDOWS;C:\WINDOWS\System32\Wbem;C:\WINDOWS\System32\WindowsPowerShell\v1.0\;C:\WINDOWS\System32\OpenSSH\;C:\Program Files\nodejs\;C:\ProgramData\chocolatey\bin;C:\Program Files\Git\cmd;C:\Program Files\Git\mingw64\bin;C:\Program Files\Git\usr\bin;C:\Program Files\Java\jdk-21\bin;C:\Program Files\Java\apache-maven-3.9.6\bin;C:\Program Files\MySQL\MySQL Shell 8.0\bin\;C:\Users\DELL\anaconda3;C:\Users\DELL\anaconda3\Library\mingw-w64\bin;C:\Users\DELL\anaconda3\Library\usr\bin;C:\Users\DELL\anaconda3\Library\bin;C:\Users\DELL\anaconda3\Scripts;C:\Users\DELL\AppData\Local\Programs\Python\Python37\Scripts\;C:\Users\DELL\AppData\Local\Programs\Python\Python37\;C:\Users\DELL\AppData\Local\Microsoft\WindowsApps;C:\Windows\System32\cmd.exe;C:\Users\DELL\AppData\Local\Programs\Microsoft VS Code\bin;C:\Users\DELL\AppData\Roaming\npm;C:\Program Files\Java\jdk-21\bin;C:\Program Files\Java\apache-maven-3.9.6\bin;;C:\WINDOWS\system32;
USERNAME=DELL
OS=Windows_NT
PROCESSOR_IDENTIFIER=Intel64 Family 6 Model 126 Stepping 5, GenuineIntel
TMP=C:\Users\DELL\AppData\Local\Temp
TEMP=C:\Users\DELL\AppData\Local\Temp




Periodic native trim disabled

---------------  S Y S T E M  ---------------

OS:
 Windows 11 , 64 bit Build 22621 (10.0.22621.3085)
OS uptime: 0 days 3:14 hours

CPU: total 8 (initial active 8) (4 cores per cpu, 2 threads per core) family 6 model 126 stepping 5 microcode 0xc2, cx8, cmov, fxsr, ht, mmx, 3dnowpref, sse, sse2, sse3, ssse3, sse4.1, sse4.2, popcnt, lzcnt, tsc, tscinvbit, avx, avx2, aes, erms, clmul, bmi1, bmi2, adx, avx512f, avx512dq, avx512cd, avx512bw, avx512vl, sha, fma, vzeroupper, avx512_vpopcntdq, avx512_vpclmulqdq, avx512_vaes, avx512_vnni, clflush, clflushopt, avx512_vbmi2, avx512_vbmi, rdtscp, rdpid, fsrm, gfni, avx512_bitalg, f16c, pku, avx512_ifma
Processor Information for all 8 processors :
  Max Mhz: 1190, Current Mhz: 991, Mhz Limit: 987

Memory: 4k page, system-wide physical 7959M (506M free)
TotalPageFile size 20320M (AvailPageFile size 26M)
current process WorkingSet (physical memory assigned to process): 97M, peak: 97M
current process commit charge ("private bytes"): 233M, peak: 233M

vm_info: Java HotSpot(TM) 64-Bit Server VM (21.0.2+13-LTS-58) for windows-amd64 JRE (21.0.2+13-LTS-58), built on 2024-01-05T18:32:24Z by "mach5one" with MS VC++ 17.1 (VS2022)

END.
