#
# There is insufficient memory for the Java Runtime Environment to continue.
# Native memory allocation (malloc) failed to allocate 358352 bytes for Chunk::new
# Possible reasons:
#   The system is out of physical RAM or swap space
#   The process is running with CompressedOops enabled, and the Java Heap may be blocking the growth of the native heap
# Possible solutions:
#   Reduce memory load on the system
#   Increase physical memory or swap space
#   Check if swap backing store is full
#   Decrease Java heap size (-Xmx/-Xms)
#   Decrease number of Java threads
#   Decrease Java thread stack sizes (-Xss)
#   Set larger code cache with -XX:ReservedCodeCacheSize=
#   JVM is running with Unscaled Compressed Oops mode in which the Java heap is
#     placed in the first 4GB address space. The Java Heap base address is the
#     maximum limit for the native heap growth. Please use -XX:HeapBaseMinAddress
#     to set the Java Heap base and to place the Java Heap above 4GB virtual address.
# This output file may be truncated or incomplete.
#
#  Out of Memory Error (arena.cpp:168), pid=7288, tid=22856
#
# JRE version: Java(TM) SE Runtime Environment (21.0.2+13) (build 21.0.2+13-LTS-58)
# Java VM: Java HotSpot(TM) 64-Bit Server VM (21.0.2+13-LTS-58, mixed mode, sharing, tiered, compressed oops, compressed class ptrs, g1 gc, windows-amd64)
# No core dump will be written. Minidumps are not enabled by default on client versions of Windows
#

---------------  S U M M A R Y ------------

Command Line: -Dfile.encoding=UTF-8 -Dstdout.encoding=UTF-8 -Dstderr.encoding=UTF-8 -XX:+ShowCodeDetailsInExceptionMessages Practice.ButtonClicks

Host: Intel(R) Core(TM) i5-1035G1 CPU @ 1.00GHz, 8 cores, 7G,  Windows 11 , 64 bit Build 22621 (10.0.22621.3085)
Time: Sat Feb 24 11:50:34 2024 India Standard Time elapsed time: 0.967359 seconds (0d 0h 0m 0s)

---------------  T H R E A D  ---------------

Current thread (0x00000276f91b93e0):  JavaThread "C2 CompilerThread1" daemon [_thread_in_native, id=22856, stack(0x000000bcd3a00000,0x000000bcd3b00000) (1024K)]


Current CompileTask:
C2:    967 1578 % !   4       java.util.concurrent.ConcurrentHashMap::transfer @ 96 (849 bytes)

Stack: [0x000000bcd3a00000,0x000000bcd3b00000]
Native frames: (J=compiled Java code, j=interpreted, Vv=VM code, C=native code)
V  [jvm.dll+0x6cade9]
V  [jvm.dll+0x8569c1]
V  [jvm.dll+0x858d2e]
V  [jvm.dll+0x859413]
V  [jvm.dll+0x280e56]
V  [jvm.dll+0xc3f3d]
V  [jvm.dll+0xc4473]
V  [jvm.dll+0x3b5c2c]
V  [jvm.dll+0x382855]
V  [jvm.dll+0x381cca]
V  [jvm.dll+0x249bd0]
V  [jvm.dll+0x2491b1]
V  [jvm.dll+0x1c9634]
V  [jvm.dll+0x258859]
V  [jvm.dll+0x256e3a]
V  [jvm.dll+0x3ef6c6]
V  [jvm.dll+0x7ff568]
V  [jvm.dll+0x6c953d]
C  [ucrtbase.dll+0x29363]
C  [KERNEL32.DLL+0x1257d]
C  [ntdll.dll+0x5aa58]


---------------  P R O C E S S  ---------------

Threads class SMR info:
_java_thread_list=0x00000276fa00a810, length=22, elements={
0x0000027695274190, 0x00000276b3d54f80, 0x00000276b3d56530, 0x00000276b3d58560,
0x00000276b3d591c0, 0x00000276b3d5c7b0, 0x00000276b3d609a0, 0x00000276b3d68ca0,
0x00000276b3d6de00, 0x00000276b3d5ef60, 0x00000276b3d5dbb0, 0x00000276f91b93e0,
0x00000276b3d5e240, 0x00000276b3d5f5f0, 0x00000276b3d5fc80, 0x00000276b3d60310,
0x00000276b3d61030, 0x00000276f9fbc3a0, 0x00000276f9fbd750, 0x00000276f9fbf820,
0x00000276f9fbeb00, 0x00000276f9fbbd10
}

Java Threads: ( => current thread )
  0x0000027695274190 JavaThread "Forwarding newSession on session null to remote"        [_thread_blocked, id=23956, stack(0x000000bcd2800000,0x000000bcd2900000) (1024K)]
  0x00000276b3d54f80 JavaThread "Reference Handler"          daemon [_thread_blocked, id=18936, stack(0x000000bcd3000000,0x000000bcd3100000) (1024K)]
  0x00000276b3d56530 JavaThread "Finalizer"                  daemon [_thread_blocked, id=2036, stack(0x000000bcd3100000,0x000000bcd3200000) (1024K)]
  0x00000276b3d58560 JavaThread "Signal Dispatcher"          daemon [_thread_blocked, id=17236, stack(0x000000bcd3200000,0x000000bcd3300000) (1024K)]
  0x00000276b3d591c0 JavaThread "Attach Listener"            daemon [_thread_blocked, id=27384, stack(0x000000bcd3300000,0x000000bcd3400000) (1024K)]
  0x00000276b3d5c7b0 JavaThread "Service Thread"             daemon [_thread_blocked, id=8936, stack(0x000000bcd3400000,0x000000bcd3500000) (1024K)]
  0x00000276b3d609a0 JavaThread "Monitor Deflation Thread"   daemon [_thread_blocked, id=17332, stack(0x000000bcd3500000,0x000000bcd3600000) (1024K)]
  0x00000276b3d68ca0 JavaThread "C2 CompilerThread0"         daemon [_thread_in_native, id=25292, stack(0x000000bcd3600000,0x000000bcd3700000) (1024K)]
  0x00000276b3d6de00 JavaThread "C1 CompilerThread0"         daemon [_thread_blocked, id=21924, stack(0x000000bcd3700000,0x000000bcd3800000) (1024K)]
  0x00000276b3d5ef60 JavaThread "Notification Thread"        daemon [_thread_blocked, id=27388, stack(0x000000bcd3800000,0x000000bcd3900000) (1024K)]
  0x00000276b3d5dbb0 JavaThread "Common-Cleaner"             daemon [_thread_blocked, id=24176, stack(0x000000bcd3900000,0x000000bcd3a00000) (1024K)]
=>0x00000276f91b93e0 JavaThread "C2 CompilerThread1"         daemon [_thread_in_native, id=22856, stack(0x000000bcd3a00000,0x000000bcd3b00000) (1024K)]
  0x00000276b3d5e240 JavaThread "ForkJoinPool.commonPool-worker-1" daemon [_thread_blocked, id=6912, stack(0x000000bcd3b00000,0x000000bcd3c00000) (1024K)]
  0x00000276b3d5f5f0 JavaThread "HttpClient-1-SelectorManager" daemon [_thread_in_native, id=17764, stack(0x000000bcd3c00000,0x000000bcd3d00000) (1024K)]
  0x00000276b3d5fc80 JavaThread "Thread-0"                          [_thread_in_native, id=22988, stack(0x000000bcd3d00000,0x000000bcd3e00000) (1024K)]
  0x00000276b3d60310 JavaThread "Driver Service Executor"    daemon [_thread_blocked, id=8900, stack(0x000000bcd3e00000,0x000000bcd3f00000) (1024K)]
  0x00000276b3d61030 JavaThread "Driver Service Executor"    daemon [_thread_in_native, id=16324, stack(0x000000bcd4600000,0x000000bcd4700000) (1024K)]
  0x00000276f9fbc3a0 JavaThread "UrlChecker-2"               daemon [_thread_blocked, id=26452, stack(0x000000bcd4700000,0x000000bcd4800000) (1024K)]
  0x00000276f9fbd750 JavaThread "Keep-Alive-Timer"           daemon [_thread_blocked, id=24600, stack(0x000000bcd4900000,0x000000bcd4a00000) (1024K)]
  0x00000276f9fbf820 JavaThread "pool-1-thread-1"                   [_thread_in_Java, id=1324, stack(0x000000bcd4a00000,0x000000bcd4b00000) (1024K)]
  0x00000276f9fbeb00 JavaThread "pool-1-thread-2"                   [_thread_blocked, id=24608, stack(0x000000bcd4b00000,0x000000bcd4c00000) (1024K)]
  0x00000276f9fbbd10 JavaThread "pool-1-thread-3"                   [_thread_blocked, id=26592, stack(0x000000bcd4c00000,0x000000bcd4d00000) (1024K)]
Total: 22

Other Threads:
  0x00000276b3d335d0 VMThread "VM Thread"                           [id=19564, stack(0x000000bcd2f00000,0x000000bcd3000000) (1024K)]
  0x00000276b3d1d880 WatcherThread "VM Periodic Task Thread"        [id=24636, stack(0x000000bcd2e00000,0x000000bcd2f00000) (1024K)]
  0x00000276974d93d0 WorkerThread "GC Thread#0"                     [id=16664, stack(0x000000bcd2900000,0x000000bcd2a00000) (1024K)]
  0x00000276f9b9fd70 WorkerThread "GC Thread#1"                     [id=27220, stack(0x000000bcd3f00000,0x000000bcd4000000) (1024K)]
  0x00000276f9bc5340 WorkerThread "GC Thread#2"                     [id=17948, stack(0x000000bcd4000000,0x000000bcd4100000) (1024K)]
  0x00000276f9bc56e0 WorkerThread "GC Thread#3"                     [id=26056, stack(0x000000bcd4100000,0x000000bcd4200000) (1024K)]
  0x00000276f9b5e4c0 WorkerThread "GC Thread#4"                     [id=26180, stack(0x000000bcd4200000,0x000000bcd4300000) (1024K)]
  0x00000276f9b5e860 WorkerThread "GC Thread#5"                     [id=24376, stack(0x000000bcd4300000,0x000000bcd4400000) (1024K)]
  0x00000276f9b5ec00 WorkerThread "GC Thread#6"                     [id=8816, stack(0x000000bcd4400000,0x000000bcd4500000) (1024K)]
  0x00000276f9b637c0 WorkerThread "GC Thread#7"                     [id=21100, stack(0x000000bcd4500000,0x000000bcd4600000) (1024K)]
  0x00000276974e9c70 ConcurrentGCThread "G1 Main Marker"            [id=26572, stack(0x000000bcd2a00000,0x000000bcd2b00000) (1024K)]
  0x00000276974eb0c0 WorkerThread "G1 Conc#0"                       [id=688, stack(0x000000bcd2b00000,0x000000bcd2c00000) (1024K)]
  0x00000276b3bef550 ConcurrentGCThread "G1 Refine#0"               [id=25916, stack(0x000000bcd2c00000,0x000000bcd2d00000) (1024K)]
  0x00000276b3bf00c0 ConcurrentGCThread "G1 Service"                [id=23108, stack(0x000000bcd2d00000,0x000000bcd2e00000) (1024K)]
Total: 14

Threads with active compile tasks:
C2 CompilerThread0      997 1601       4       java.lang.String::replace (42 bytes)
C2 CompilerThread1      997 1578 % !   4       java.util.concurrent.ConcurrentHashMap::transfer @ 96 (849 bytes)
Total: 2

VM state: not at safepoint (normal execution)

VM Mutex/Monitor currently owned by a thread: None

Heap address: 0x0000000083a00000, size: 1990 MB, Compressed Oops mode: 32-bit

CDS archive(s) mapped at: [0x00000276b4000000-0x00000276b4c90000-0x00000276b4c90000), size 13172736, SharedBaseAddress: 0x00000276b4000000, ArchiveRelocationMode: 1.
Compressed class space mapped at: 0x00000276b5000000-0x00000276f5000000, reserved size: 1073741824
Narrow klass base: 0x00000276b4000000, Narrow klass shift: 0, Narrow klass range: 0x100000000

GC Precious Log:
 CardTable entry size: 512
 Card Set container configuration: InlinePtr #cards 5 size 8 Array Of Cards #cards 12 size 40 Howl #buckets 4 coarsen threshold 1843 Howl Bitmap #cards 512 size 80 coarsen threshold 460 Card regions per heap region 1 cards per card region 2048
 CPUs: 8 total, 8 available
 Memory: 7959M
 Large Page Support: Disabled
 NUMA Support: Disabled
 Compressed Oops: Enabled (32-bit)
 Heap Region Size: 1M
 Heap Min Capacity: 8M
 Heap Initial Capacity: 126M
 Heap Max Capacity: 1990M
 Pre-touch: Disabled
 Parallel Workers: 8
 Concurrent Workers: 2
 Concurrent Refinement Workers: 8
 Periodic GC: Disabled

Heap:
 garbage-first heap   total 129024K, used 15323K [0x0000000083a00000, 0x0000000100000000)
  region size 1024K, 12 young (12288K), 3 survivors (3072K)
 Metaspace       used 11566K, committed 11840K, reserved 1114112K
  class space    used 1381K, committed 1472K, reserved 1048576K

Heap Regions: E=young(eden), S=young(survivor), O=old, HS=humongous(starts), HC=humongous(continues), CS=collection set, F=free, TAMS=top-at-mark-start, PB=parsable bottom
|   0|0x0000000083a00000, 0x0000000083b00000, 0x0000000083b00000|100%|HS|  |TAMS 0x0000000083a00000| PB 0x0000000083a00000| Complete 
|   1|0x0000000083b00000, 0x0000000083b00000, 0x0000000083c00000|  0%| F|  |TAMS 0x0000000083b00000| PB 0x0000000083b00000| Untracked 
|   2|0x0000000083c00000, 0x0000000083d00000, 0x0000000083d00000|100%| O|  |TAMS 0x0000000083c00000| PB 0x0000000083c00000| Untracked 
|   3|0x0000000083d00000, 0x0000000083e00000, 0x0000000083e00000|100%| O|  |TAMS 0x0000000083d00000| PB 0x0000000083d00000| Untracked 
|   4|0x0000000083e00000, 0x0000000083ef6f50, 0x0000000083f00000| 96%| O|  |TAMS 0x0000000083e00000| PB 0x0000000083e00000| Untracked 
|   5|0x0000000083f00000, 0x0000000083f00000, 0x0000000084000000|  0%| F|  |TAMS 0x0000000083f00000| PB 0x0000000083f00000| Untracked 
|   6|0x0000000084000000, 0x0000000084000000, 0x0000000084100000|  0%| F|  |TAMS 0x0000000084000000| PB 0x0000000084000000| Untracked 
|   7|0x0000000084100000, 0x0000000084100000, 0x0000000084200000|  0%| F|  |TAMS 0x0000000084100000| PB 0x0000000084100000| Untracked 
|   8|0x0000000084200000, 0x0000000084200000, 0x0000000084300000|  0%| F|  |TAMS 0x0000000084200000| PB 0x0000000084200000| Untracked 
|   9|0x0000000084300000, 0x0000000084300000, 0x0000000084400000|  0%| F|  |TAMS 0x0000000084300000| PB 0x0000000084300000| Untracked 
|  10|0x0000000084400000, 0x0000000084400000, 0x0000000084500000|  0%| F|  |TAMS 0x0000000084400000| PB 0x0000000084400000| Untracked 
|  11|0x0000000084500000, 0x0000000084500000, 0x0000000084600000|  0%| F|  |TAMS 0x0000000084500000| PB 0x0000000084500000| Untracked 
|  12|0x0000000084600000, 0x0000000084600000, 0x0000000084700000|  0%| F|  |TAMS 0x0000000084600000| PB 0x0000000084600000| Untracked 
|  13|0x0000000084700000, 0x0000000084700000, 0x0000000084800000|  0%| F|  |TAMS 0x0000000084700000| PB 0x0000000084700000| Untracked 
|  14|0x0000000084800000, 0x0000000084800000, 0x0000000084900000|  0%| F|  |TAMS 0x0000000084800000| PB 0x0000000084800000| Untracked 
|  15|0x0000000084900000, 0x0000000084900000, 0x0000000084a00000|  0%| F|  |TAMS 0x0000000084900000| PB 0x0000000084900000| Untracked 
|  16|0x0000000084a00000, 0x0000000084a00000, 0x0000000084b00000|  0%| F|  |TAMS 0x0000000084a00000| PB 0x0000000084a00000| Untracked 
|  17|0x0000000084b00000, 0x0000000084b00000, 0x0000000084c00000|  0%| F|  |TAMS 0x0000000084b00000| PB 0x0000000084b00000| Untracked 
|  18|0x0000000084c00000, 0x0000000084c00000, 0x0000000084d00000|  0%| F|  |TAMS 0x0000000084c00000| PB 0x0000000084c00000| Untracked 
|  19|0x0000000084d00000, 0x0000000084d00000, 0x0000000084e00000|  0%| F|  |TAMS 0x0000000084d00000| PB 0x0000000084d00000| Untracked 
|  20|0x0000000084e00000, 0x0000000084e00000, 0x0000000084f00000|  0%| F|  |TAMS 0x0000000084e00000| PB 0x0000000084e00000| Untracked 
|  21|0x0000000084f00000, 0x0000000084f00000, 0x0000000085000000|  0%| F|  |TAMS 0x0000000084f00000| PB 0x0000000084f00000| Untracked 
|  22|0x0000000085000000, 0x0000000085000000, 0x0000000085100000|  0%| F|  |TAMS 0x0000000085000000| PB 0x0000000085000000| Untracked 
|  23|0x0000000085100000, 0x0000000085100000, 0x0000000085200000|  0%| F|  |TAMS 0x0000000085100000| PB 0x0000000085100000| Untracked 
|  24|0x0000000085200000, 0x0000000085200000, 0x0000000085300000|  0%| F|  |TAMS 0x0000000085200000| PB 0x0000000085200000| Untracked 
|  25|0x0000000085300000, 0x0000000085300000, 0x0000000085400000|  0%| F|  |TAMS 0x0000000085300000| PB 0x0000000085300000| Untracked 
|  26|0x0000000085400000, 0x0000000085400000, 0x0000000085500000|  0%| F|  |TAMS 0x0000000085400000| PB 0x0000000085400000| Untracked 
|  27|0x0000000085500000, 0x0000000085500000, 0x0000000085600000|  0%| F|  |TAMS 0x0000000085500000| PB 0x0000000085500000| Untracked 
|  28|0x0000000085600000, 0x0000000085600000, 0x0000000085700000|  0%| F|  |TAMS 0x0000000085600000| PB 0x0000000085600000| Untracked 
|  29|0x0000000085700000, 0x0000000085700000, 0x0000000085800000|  0%| F|  |TAMS 0x0000000085700000| PB 0x0000000085700000| Untracked 
|  30|0x0000000085800000, 0x0000000085800000, 0x0000000085900000|  0%| F|  |TAMS 0x0000000085800000| PB 0x0000000085800000| Untracked 
|  31|0x0000000085900000, 0x0000000085900000, 0x0000000085a00000|  0%| F|  |TAMS 0x0000000085900000| PB 0x0000000085900000| Untracked 
|  32|0x0000000085a00000, 0x0000000085a00000, 0x0000000085b00000|  0%| F|  |TAMS 0x0000000085a00000| PB 0x0000000085a00000| Untracked 
|  33|0x0000000085b00000, 0x0000000085b00000, 0x0000000085c00000|  0%| F|  |TAMS 0x0000000085b00000| PB 0x0000000085b00000| Untracked 
|  34|0x0000000085c00000, 0x0000000085c00000, 0x0000000085d00000|  0%| F|  |TAMS 0x0000000085c00000| PB 0x0000000085c00000| Untracked 
|  35|0x0000000085d00000, 0x0000000085d00000, 0x0000000085e00000|  0%| F|  |TAMS 0x0000000085d00000| PB 0x0000000085d00000| Untracked 
|  36|0x0000000085e00000, 0x0000000085e00000, 0x0000000085f00000|  0%| F|  |TAMS 0x0000000085e00000| PB 0x0000000085e00000| Untracked 
|  37|0x0000000085f00000, 0x0000000085f00000, 0x0000000086000000|  0%| F|  |TAMS 0x0000000085f00000| PB 0x0000000085f00000| Untracked 
|  38|0x0000000086000000, 0x0000000086000000, 0x0000000086100000|  0%| F|  |TAMS 0x0000000086000000| PB 0x0000000086000000| Untracked 
|  39|0x0000000086100000, 0x0000000086100000, 0x0000000086200000|  0%| F|  |TAMS 0x0000000086100000| PB 0x0000000086100000| Untracked 
|  40|0x0000000086200000, 0x0000000086200000, 0x0000000086300000|  0%| F|  |TAMS 0x0000000086200000| PB 0x0000000086200000| Untracked 
|  41|0x0000000086300000, 0x0000000086300000, 0x0000000086400000|  0%| F|  |TAMS 0x0000000086300000| PB 0x0000000086300000| Untracked 
|  42|0x0000000086400000, 0x0000000086400000, 0x0000000086500000|  0%| F|  |TAMS 0x0000000086400000| PB 0x0000000086400000| Untracked 
|  43|0x0000000086500000, 0x0000000086500000, 0x0000000086600000|  0%| F|  |TAMS 0x0000000086500000| PB 0x0000000086500000| Untracked 
|  44|0x0000000086600000, 0x0000000086600000, 0x0000000086700000|  0%| F|  |TAMS 0x0000000086600000| PB 0x0000000086600000| Untracked 
|  45|0x0000000086700000, 0x0000000086700000, 0x0000000086800000|  0%| F|  |TAMS 0x0000000086700000| PB 0x0000000086700000| Untracked 
|  46|0x0000000086800000, 0x0000000086800000, 0x0000000086900000|  0%| F|  |TAMS 0x0000000086800000| PB 0x0000000086800000| Untracked 
|  47|0x0000000086900000, 0x0000000086900000, 0x0000000086a00000|  0%| F|  |TAMS 0x0000000086900000| PB 0x0000000086900000| Untracked 
|  48|0x0000000086a00000, 0x0000000086a00000, 0x0000000086b00000|  0%| F|  |TAMS 0x0000000086a00000| PB 0x0000000086a00000| Untracked 
|  49|0x0000000086b00000, 0x0000000086b00000, 0x0000000086c00000|  0%| F|  |TAMS 0x0000000086b00000| PB 0x0000000086b00000| Untracked 
|  50|0x0000000086c00000, 0x0000000086c00000, 0x0000000086d00000|  0%| F|  |TAMS 0x0000000086c00000| PB 0x0000000086c00000| Untracked 
|  51|0x0000000086d00000, 0x0000000086d00000, 0x0000000086e00000|  0%| F|  |TAMS 0x0000000086d00000| PB 0x0000000086d00000| Untracked 
|  52|0x0000000086e00000, 0x0000000086e00000, 0x0000000086f00000|  0%| F|  |TAMS 0x0000000086e00000| PB 0x0000000086e00000| Untracked 
|  53|0x0000000086f00000, 0x0000000086f00000, 0x0000000087000000|  0%| F|  |TAMS 0x0000000086f00000| PB 0x0000000086f00000| Untracked 
|  54|0x0000000087000000, 0x0000000087000000, 0x0000000087100000|  0%| F|  |TAMS 0x0000000087000000| PB 0x0000000087000000| Untracked 
|  55|0x0000000087100000, 0x0000000087100000, 0x0000000087200000|  0%| F|  |TAMS 0x0000000087100000| PB 0x0000000087100000| Untracked 
|  56|0x0000000087200000, 0x0000000087200000, 0x0000000087300000|  0%| F|  |TAMS 0x0000000087200000| PB 0x0000000087200000| Untracked 
|  57|0x0000000087300000, 0x0000000087300000, 0x0000000087400000|  0%| F|  |TAMS 0x0000000087300000| PB 0x0000000087300000| Untracked 
|  58|0x0000000087400000, 0x0000000087400000, 0x0000000087500000|  0%| F|  |TAMS 0x0000000087400000| PB 0x0000000087400000| Untracked 
|  59|0x0000000087500000, 0x0000000087500000, 0x0000000087600000|  0%| F|  |TAMS 0x0000000087500000| PB 0x0000000087500000| Untracked 
|  60|0x0000000087600000, 0x0000000087600000, 0x0000000087700000|  0%| F|  |TAMS 0x0000000087600000| PB 0x0000000087600000| Untracked 
|  61|0x0000000087700000, 0x0000000087700000, 0x0000000087800000|  0%| F|  |TAMS 0x0000000087700000| PB 0x0000000087700000| Untracked 
|  62|0x0000000087800000, 0x0000000087800000, 0x0000000087900000|  0%| F|  |TAMS 0x0000000087800000| PB 0x0000000087800000| Untracked 
|  63|0x0000000087900000, 0x0000000087900000, 0x0000000087a00000|  0%| F|  |TAMS 0x0000000087900000| PB 0x0000000087900000| Untracked 
|  64|0x0000000087a00000, 0x0000000087a00000, 0x0000000087b00000|  0%| F|  |TAMS 0x0000000087a00000| PB 0x0000000087a00000| Untracked 
|  65|0x0000000087b00000, 0x0000000087b00000, 0x0000000087c00000|  0%| F|  |TAMS 0x0000000087b00000| PB 0x0000000087b00000| Untracked 
|  66|0x0000000087c00000, 0x0000000087c00000, 0x0000000087d00000|  0%| F|  |TAMS 0x0000000087c00000| PB 0x0000000087c00000| Untracked 
|  67|0x0000000087d00000, 0x0000000087d00000, 0x0000000087e00000|  0%| F|  |TAMS 0x0000000087d00000| PB 0x0000000087d00000| Untracked 
|  68|0x0000000087e00000, 0x0000000087e00000, 0x0000000087f00000|  0%| F|  |TAMS 0x0000000087e00000| PB 0x0000000087e00000| Untracked 
|  69|0x0000000087f00000, 0x0000000087f00000, 0x0000000088000000|  0%| F|  |TAMS 0x0000000087f00000| PB 0x0000000087f00000| Untracked 
|  70|0x0000000088000000, 0x0000000088000000, 0x0000000088100000|  0%| F|  |TAMS 0x0000000088000000| PB 0x0000000088000000| Untracked 
|  71|0x0000000088100000, 0x0000000088100000, 0x0000000088200000|  0%| F|  |TAMS 0x0000000088100000| PB 0x0000000088100000| Untracked 
|  72|0x0000000088200000, 0x0000000088200000, 0x0000000088300000|  0%| F|  |TAMS 0x0000000088200000| PB 0x0000000088200000| Untracked 
|  73|0x0000000088300000, 0x0000000088300000, 0x0000000088400000|  0%| F|  |TAMS 0x0000000088300000| PB 0x0000000088300000| Untracked 
|  74|0x0000000088400000, 0x0000000088400000, 0x0000000088500000|  0%| F|  |TAMS 0x0000000088400000| PB 0x0000000088400000| Untracked 
|  75|0x0000000088500000, 0x0000000088500000, 0x0000000088600000|  0%| F|  |TAMS 0x0000000088500000| PB 0x0000000088500000| Untracked 
|  76|0x0000000088600000, 0x0000000088600000, 0x0000000088700000|  0%| F|  |TAMS 0x0000000088600000| PB 0x0000000088600000| Untracked 
|  77|0x0000000088700000, 0x0000000088700000, 0x0000000088800000|  0%| F|  |TAMS 0x0000000088700000| PB 0x0000000088700000| Untracked 
|  78|0x0000000088800000, 0x0000000088800000, 0x0000000088900000|  0%| F|  |TAMS 0x0000000088800000| PB 0x0000000088800000| Untracked 
|  79|0x0000000088900000, 0x0000000088900000, 0x0000000088a00000|  0%| F|  |TAMS 0x0000000088900000| PB 0x0000000088900000| Untracked 
|  80|0x0000000088a00000, 0x0000000088a00000, 0x0000000088b00000|  0%| F|  |TAMS 0x0000000088a00000| PB 0x0000000088a00000| Untracked 
|  81|0x0000000088b00000, 0x0000000088b00000, 0x0000000088c00000|  0%| F|  |TAMS 0x0000000088b00000| PB 0x0000000088b00000| Untracked 
|  82|0x0000000088c00000, 0x0000000088c00000, 0x0000000088d00000|  0%| F|  |TAMS 0x0000000088c00000| PB 0x0000000088c00000| Untracked 
|  83|0x0000000088d00000, 0x0000000088d00000, 0x0000000088e00000|  0%| F|  |TAMS 0x0000000088d00000| PB 0x0000000088d00000| Untracked 
|  84|0x0000000088e00000, 0x0000000088e00000, 0x0000000088f00000|  0%| F|  |TAMS 0x0000000088e00000| PB 0x0000000088e00000| Untracked 
|  85|0x0000000088f00000, 0x0000000088f00000, 0x0000000089000000|  0%| F|  |TAMS 0x0000000088f00000| PB 0x0000000088f00000| Untracked 
|  86|0x0000000089000000, 0x0000000089000000, 0x0000000089100000|  0%| F|  |TAMS 0x0000000089000000| PB 0x0000000089000000| Untracked 
|  87|0x0000000089100000, 0x0000000089100000, 0x0000000089200000|  0%| F|  |TAMS 0x0000000089100000| PB 0x0000000089100000| Untracked 
|  88|0x0000000089200000, 0x0000000089200000, 0x0000000089300000|  0%| F|  |TAMS 0x0000000089200000| PB 0x0000000089200000| Untracked 
|  89|0x0000000089300000, 0x0000000089300000, 0x0000000089400000|  0%| F|  |TAMS 0x0000000089300000| PB 0x0000000089300000| Untracked 
|  90|0x0000000089400000, 0x0000000089400000, 0x0000000089500000|  0%| F|  |TAMS 0x0000000089400000| PB 0x0000000089400000| Untracked 
|  91|0x0000000089500000, 0x0000000089500000, 0x0000000089600000|  0%| F|  |TAMS 0x0000000089500000| PB 0x0000000089500000| Untracked 
|  92|0x0000000089600000, 0x0000000089600000, 0x0000000089700000|  0%| F|  |TAMS 0x0000000089600000| PB 0x0000000089600000| Untracked 
|  93|0x0000000089700000, 0x0000000089700000, 0x0000000089800000|  0%| F|  |TAMS 0x0000000089700000| PB 0x0000000089700000| Untracked 
|  94|0x0000000089800000, 0x0000000089800000, 0x0000000089900000|  0%| F|  |TAMS 0x0000000089800000| PB 0x0000000089800000| Untracked 
|  95|0x0000000089900000, 0x0000000089900000, 0x0000000089a00000|  0%| F|  |TAMS 0x0000000089900000| PB 0x0000000089900000| Untracked 
|  96|0x0000000089a00000, 0x0000000089a00000, 0x0000000089b00000|  0%| F|  |TAMS 0x0000000089a00000| PB 0x0000000089a00000| Untracked 
|  97|0x0000000089b00000, 0x0000000089b00000, 0x0000000089c00000|  0%| F|  |TAMS 0x0000000089b00000| PB 0x0000000089b00000| Untracked 
|  98|0x0000000089c00000, 0x0000000089c00000, 0x0000000089d00000|  0%| F|  |TAMS 0x0000000089c00000| PB 0x0000000089c00000| Untracked 
|  99|0x0000000089d00000, 0x0000000089d00000, 0x0000000089e00000|  0%| F|  |TAMS 0x0000000089d00000| PB 0x0000000089d00000| Untracked 
| 100|0x0000000089e00000, 0x0000000089f00000, 0x0000000089f00000|100%| S|CS|TAMS 0x0000000089e00000| PB 0x0000000089e00000| Complete 
| 101|0x0000000089f00000, 0x000000008a000000, 0x000000008a000000|100%| S|CS|TAMS 0x0000000089f00000| PB 0x0000000089f00000| Complete 
| 102|0x000000008a000000, 0x000000008a100000, 0x000000008a100000|100%| S|CS|TAMS 0x000000008a000000| PB 0x000000008a000000| Complete 
| 103|0x000000008a100000, 0x000000008a100000, 0x000000008a200000|  0%| F|  |TAMS 0x000000008a100000| PB 0x000000008a100000| Untracked 
| 104|0x000000008a200000, 0x000000008a200000, 0x000000008a300000|  0%| F|  |TAMS 0x000000008a200000| PB 0x000000008a200000| Untracked 
| 105|0x000000008a300000, 0x000000008a300000, 0x000000008a400000|  0%| F|  |TAMS 0x000000008a300000| PB 0x000000008a300000| Untracked 
| 106|0x000000008a400000, 0x000000008a400000, 0x000000008a500000|  0%| F|  |TAMS 0x000000008a400000| PB 0x000000008a400000| Untracked 
| 107|0x000000008a500000, 0x000000008a500000, 0x000000008a600000|  0%| F|  |TAMS 0x000000008a500000| PB 0x000000008a500000| Untracked 
| 108|0x000000008a600000, 0x000000008a600000, 0x000000008a700000|  0%| F|  |TAMS 0x000000008a600000| PB 0x000000008a600000| Untracked 
| 109|0x000000008a700000, 0x000000008a700000, 0x000000008a800000|  0%| F|  |TAMS 0x000000008a700000| PB 0x000000008a700000| Untracked 
| 110|0x000000008a800000, 0x000000008a800000, 0x000000008a900000|  0%| F|  |TAMS 0x000000008a800000| PB 0x000000008a800000| Untracked 
| 111|0x000000008a900000, 0x000000008a900000, 0x000000008aa00000|  0%| F|  |TAMS 0x000000008a900000| PB 0x000000008a900000| Untracked 
| 112|0x000000008aa00000, 0x000000008aa00000, 0x000000008ab00000|  0%| F|  |TAMS 0x000000008aa00000| PB 0x000000008aa00000| Untracked 
| 113|0x000000008ab00000, 0x000000008ab00000, 0x000000008ac00000|  0%| F|  |TAMS 0x000000008ab00000| PB 0x000000008ab00000| Untracked 
| 114|0x000000008ac00000, 0x000000008ac00000, 0x000000008ad00000|  0%| F|  |TAMS 0x000000008ac00000| PB 0x000000008ac00000| Untracked 
| 115|0x000000008ad00000, 0x000000008ad00000, 0x000000008ae00000|  0%| F|  |TAMS 0x000000008ad00000| PB 0x000000008ad00000| Untracked 
| 116|0x000000008ae00000, 0x000000008ae00000, 0x000000008af00000|  0%| F|  |TAMS 0x000000008ae00000| PB 0x000000008ae00000| Untracked 
| 117|0x000000008af00000, 0x000000008aff9fe8, 0x000000008b000000| 97%| E|  |TAMS 0x000000008af00000| PB 0x000000008af00000| Complete 
| 118|0x000000008b000000, 0x000000008b100000, 0x000000008b100000|100%| E|CS|TAMS 0x000000008b000000| PB 0x000000008b000000| Complete 
| 119|0x000000008b100000, 0x000000008b200000, 0x000000008b200000|100%| E|CS|TAMS 0x000000008b100000| PB 0x000000008b100000| Complete 
| 120|0x000000008b200000, 0x000000008b300000, 0x000000008b300000|100%| E|CS|TAMS 0x000000008b200000| PB 0x000000008b200000| Complete 
| 121|0x000000008b300000, 0x000000008b400000, 0x000000008b400000|100%| E|CS|TAMS 0x000000008b300000| PB 0x000000008b300000| Complete 
| 122|0x000000008b400000, 0x000000008b500000, 0x000000008b500000|100%| E|CS|TAMS 0x000000008b400000| PB 0x000000008b400000| Complete 
| 123|0x000000008b500000, 0x000000008b600000, 0x000000008b600000|100%| E|CS|TAMS 0x000000008b500000| PB 0x000000008b500000| Complete 
| 124|0x000000008b600000, 0x000000008b700000, 0x000000008b700000|100%| E|CS|TAMS 0x000000008b600000| PB 0x000000008b600000| Complete 
| 125|0x000000008b700000, 0x000000008b800000, 0x000000008b800000|100%| E|CS|TAMS 0x000000008b700000| PB 0x000000008b700000| Complete 

Card table byte_map: [0x00000276af000000,0x00000276af3f0000] _byte_map_base: 0x00000276aebe3000

Marking Bits: (CMBitMap*) 0x00000276974d9ad0
 Bits: [0x00000276af3f0000, 0x00000276b1308000)

Polling page: 0x00000276953b0000

Metaspace:

Usage:
  Non-class:      9.95 MB used.
      Class:      1.35 MB used.
       Both:     11.30 MB used.

Virtual space:
  Non-class space:       64.00 MB reserved,      10.12 MB ( 16%) committed,  1 nodes.
      Class space:        1.00 GB reserved,       1.44 MB ( <1%) committed,  1 nodes.
             Both:        1.06 GB reserved,      11.56 MB (  1%) committed. 

Chunk freelists:
   Non-Class:  5.34 MB
       Class:  14.38 MB
        Both:  19.72 MB

MaxMetaspaceSize: unlimited
CompressedClassSpaceSize: 1.00 GB
Initial GC threshold: 21.00 MB
Current GC threshold: 21.00 MB
CDS: on
 - commit_granule_bytes: 65536.
 - commit_granule_words: 8192.
 - virtual_space_node_default_size: 8388608.
 - enlarge_chunks_in_place: 1.
 - use_allocation_guard: 0.


Internal statistics:

num_allocs_failed_limit: 0.
num_arena_births: 298.
num_arena_deaths: 0.
num_vsnodes_births: 2.
num_vsnodes_deaths: 0.
num_space_committed: 185.
num_space_uncommitted: 0.
num_chunks_returned_to_freelist: 0.
num_chunks_taken_from_freelist: 562.
num_chunk_merges: 0.
num_chunk_splits: 340.
num_chunks_enlarged: 198.
num_inconsistent_stats: 0.

CodeHeap 'non-profiled nmethods': size=120000Kb used=559Kb max_used=559Kb free=119440Kb
 bounds [0x00000276a73b0000, 0x00000276a7620000, 0x00000276ae8e0000]
CodeHeap 'profiled nmethods': size=120000Kb used=3031Kb max_used=3031Kb free=116968Kb
 bounds [0x000002769f8e0000, 0x000002769fbe0000, 0x00000276a6e10000]
CodeHeap 'non-nmethods': size=5760Kb used=1580Kb max_used=1587Kb free=4179Kb
 bounds [0x00000276a6e10000, 0x00000276a7080000, 0x00000276a73b0000]
 total_blobs=2143 nmethods=1623 adapters=425
 compilation: enabled
              stopped_count=0, restarted_count=0
 full_count=0

Compilation events (20 events):
Event: 0.955 Thread 0x00000276b3d6de00 nmethod 1580 0x000002769fbb4b10 code [0x000002769fbb4ca0, 0x000002769fbb4da8]
Event: 0.955 Thread 0x00000276b3d6de00 1582       3       jdk.internal.org.objectweb.asm.Type::getArgumentTypes (154 bytes)
Event: 0.957 Thread 0x00000276b3d6de00 nmethod 1582 0x000002769fbb4e10 code [0x000002769fbb5260, 0x000002769fbb7728]
Event: 0.957 Thread 0x00000276b3d6de00 1581       3       jdk.internal.org.objectweb.asm.Frame::setInputFrameFromDescriptor (175 bytes)
Event: 0.957 Thread 0x00000276b3d6de00 nmethod 1581 0x000002769fbb8590 code [0x000002769fbb87c0, 0x000002769fbb8f90]
Event: 0.957 Thread 0x00000276b3d6de00 1592       3       jdk.internal.org.objectweb.asm.MethodWriter::visitAnnotation (40 bytes)
Event: 0.958 Thread 0x00000276b3d6de00 nmethod 1592 0x000002769fbb9390 code [0x000002769fbb9560, 0x000002769fbb9808]
Event: 0.958 Thread 0x00000276b3d6de00 1586       3       java.lang.reflect.Array::newInstance (6 bytes)
Event: 0.958 Thread 0x00000276b3d6de00 nmethod 1586 0x000002769fbb9910 code [0x000002769fbb9ac0, 0x000002769fbb9bd8]
Event: 0.958 Thread 0x00000276b3d6de00 1583       3       jdk.internal.org.objectweb.asm.FieldWriter::putFieldInfo (269 bytes)
Event: 0.958 Thread 0x00000276b3d6de00 nmethod 1583 0x000002769fbb9c90 code [0x000002769fbb9f20, 0x000002769fbba870]
Event: 0.958 Thread 0x00000276b3d6de00 1593       3       jdk.internal.org.objectweb.asm.AnnotationWriter::visitEnd (44 bytes)
Event: 0.959 Thread 0x00000276b3d6de00 nmethod 1593 0x000002769fbbac10 code [0x000002769fbbadc0, 0x000002769fbbaf60]
Event: 0.959 Thread 0x00000276b3d6de00 1594       1       java.lang.Class::getClassData (5 bytes)
Event: 0.959 Thread 0x00000276b3d6de00 nmethod 1594 0x00000276a7439a90 code [0x00000276a7439c20, 0x00000276a7439ce8]
Event: 0.959 Thread 0x00000276b3d6de00 1591       1       java.lang.invoke.InvokerBytecodeGenerator::setClassWriter (6 bytes)
Event: 0.959 Thread 0x00000276b3d6de00 nmethod 1591 0x00000276a7439d90 code [0x00000276a7439f20, 0x00000276a743a030]
Event: 0.959 Thread 0x00000276b3d6de00 1596       3       java.lang.Module::implIsExportedOrOpen (92 bytes)
Event: 0.960 Thread 0x00000276b3d6de00 nmethod 1596 0x000002769fbbb090 code [0x000002769fbbb2c0, 0x000002769fbbb9d0]
Event: 0.965 Thread 0x00000276b3d6de00 1597   !   3       java.lang.invoke.MethodHandles$Lookup::canBeCached (150 bytes)

GC Heap History (2 events):
Event: 0.746 GC heap before
{Heap before GC invocations=0 (full 0):
 garbage-first heap   total 129024K, used 24576K [0x0000000083a00000, 0x0000000100000000)
  region size 1024K, 23 young (23552K), 0 survivors (0K)
 Metaspace       used 8434K, committed 8704K, reserved 1114112K
  class space    used 950K, committed 1088K, reserved 1048576K
}
Event: 0.752 GC heap after
{Heap after GC invocations=1 (full 0):
 garbage-first heap   total 129024K, used 7131K [0x0000000083a00000, 0x0000000100000000)
  region size 1024K, 3 young (3072K), 3 survivors (3072K)
 Metaspace       used 8434K, committed 8704K, reserved 1114112K
  class space    used 950K, committed 1088K, reserved 1048576K
}

Dll operation events (8 events):
Event: 0.007 Loaded shared library C:\Program Files\Java\jdk-21\bin\java.dll
Event: 0.043 Loaded shared library C:\Program Files\Java\jdk-21\bin\jsvml.dll
Event: 0.108 Loaded shared library C:\Program Files\Java\jdk-21\bin\net.dll
Event: 0.109 Loaded shared library C:\Program Files\Java\jdk-21\bin\nio.dll
Event: 0.114 Loaded shared library C:\Program Files\Java\jdk-21\bin\zip.dll
Event: 0.179 Loaded shared library C:\Program Files\Java\jdk-21\bin\jimage.dll
Event: 0.253 Loaded shared library C:\Program Files\Java\jdk-21\bin\extnet.dll
Event: 0.640 Loaded shared library C:\Program Files\Java\jdk-21\bin\sunmscapi.dll

Deoptimization events (20 events):
Event: 0.855 Thread 0x0000027695274190 Uncommon trap: trap_request=0xffffffde fr.pc=0x00000276a7427044 relative=0x0000000000000464
Event: 0.855 Thread 0x0000027695274190 Uncommon trap: reason=class_check action=maybe_recompile pc=0x00000276a7427044 method=java.lang.String.<init>(Ljava/lang/AbstractStringBuilder;Ljava/lang/Void;)V @ 10 c2
Event: 0.855 Thread 0x0000027695274190 DEOPT PACKING pc=0x00000276a7427044 sp=0x000000bcd28fe960
Event: 0.855 Thread 0x0000027695274190 DEOPT UNPACKING pc=0x00000276a6e67da2 sp=0x000000bcd28fe928 mode 2
Event: 0.882 Thread 0x0000027695274190 Uncommon trap: trap_request=0xffffffde fr.pc=0x00000276a742cecc relative=0x000000000000012c
Event: 0.882 Thread 0x0000027695274190 Uncommon trap: reason=class_check action=maybe_recompile pc=0x00000276a742cecc method=jdk.internal.misc.Unsafe.allocateUninitializedArray(Ljava/lang/Class;I)Ljava/lang/Object; @ 51 c2
Event: 0.882 Thread 0x0000027695274190 DEOPT PACKING pc=0x00000276a742cecc sp=0x000000bcd28fc790
Event: 0.882 Thread 0x0000027695274190 DEOPT UNPACKING pc=0x00000276a6e67da2 sp=0x000000bcd28fc708 mode 2
Event: 0.882 Thread 0x0000027695274190 Uncommon trap: trap_request=0xffffffde fr.pc=0x00000276a742cecc relative=0x000000000000012c
Event: 0.882 Thread 0x0000027695274190 Uncommon trap: reason=class_check action=maybe_recompile pc=0x00000276a742cecc method=jdk.internal.misc.Unsafe.allocateUninitializedArray(Ljava/lang/Class;I)Ljava/lang/Object; @ 51 c2
Event: 0.882 Thread 0x0000027695274190 DEOPT PACKING pc=0x00000276a742cecc sp=0x000000bcd28fc590
Event: 0.882 Thread 0x0000027695274190 DEOPT UNPACKING pc=0x00000276a6e67da2 sp=0x000000bcd28fc508 mode 2
Event: 0.882 Thread 0x0000027695274190 Uncommon trap: trap_request=0xffffffde fr.pc=0x00000276a742cecc relative=0x000000000000012c
Event: 0.882 Thread 0x0000027695274190 Uncommon trap: reason=class_check action=maybe_recompile pc=0x00000276a742cecc method=jdk.internal.misc.Unsafe.allocateUninitializedArray(Ljava/lang/Class;I)Ljava/lang/Object; @ 51 c2
Event: 0.882 Thread 0x0000027695274190 DEOPT PACKING pc=0x00000276a742cecc sp=0x000000bcd28fc590
Event: 0.882 Thread 0x0000027695274190 DEOPT UNPACKING pc=0x00000276a6e67da2 sp=0x000000bcd28fc508 mode 2
Event: 0.882 Thread 0x0000027695274190 Uncommon trap: trap_request=0xffffffde fr.pc=0x00000276a742cecc relative=0x000000000000012c
Event: 0.882 Thread 0x0000027695274190 Uncommon trap: reason=class_check action=maybe_recompile pc=0x00000276a742cecc method=jdk.internal.misc.Unsafe.allocateUninitializedArray(Ljava/lang/Class;I)Ljava/lang/Object; @ 51 c2
Event: 0.882 Thread 0x0000027695274190 DEOPT PACKING pc=0x00000276a742cecc sp=0x000000bcd28fc720
Event: 0.882 Thread 0x0000027695274190 DEOPT UNPACKING pc=0x00000276a6e67da2 sp=0x000000bcd28fc698 mode 2

Classes loaded (20 events):
Event: 0.948 Loading class java/util/concurrent/CompletableFuture$UniCompose
Event: 0.948 Loading class java/util/concurrent/CompletableFuture$UniCompletion
Event: 0.948 Loading class java/util/concurrent/CompletableFuture$UniCompletion done
Event: 0.948 Loading class java/util/concurrent/CompletableFuture$UniCompose done
Event: 0.949 Loading class java/util/concurrent/CompletableFuture$UniComposeExceptionally
Event: 0.949 Loading class java/util/concurrent/CompletableFuture$UniComposeExceptionally done
Event: 0.949 Loading class java/util/concurrent/CompletableFuture$UniWhenComplete
Event: 0.949 Loading class java/util/concurrent/CompletableFuture$UniWhenComplete done
Event: 0.950 Loading class java/time/Instant$1
Event: 0.950 Loading class java/time/Instant$1 done
Event: 0.950 Loading class java/util/LinkedList$ListItr
Event: 0.950 Loading class java/util/LinkedList$ListItr done
Event: 0.952 Loading class java/lang/ExceptionInInitializerError
Event: 0.952 Loading class java/lang/ExceptionInInitializerError done
Event: 0.960 Loading class java/util/concurrent/ConcurrentLinkedDeque
Event: 0.961 Loading class java/util/concurrent/ConcurrentLinkedDeque done
Event: 0.961 Loading class java/util/concurrent/ConcurrentLinkedDeque$Node
Event: 0.961 Loading class java/util/concurrent/ConcurrentLinkedDeque$Node done
Event: 0.964 Loading class java/util/LinkedList$Node
Event: 0.964 Loading class java/util/LinkedList$Node done

Classes unloaded (0 events):
No events

Classes redefined (0 events):
No events

Internal exceptions (20 events):
Event: 0.718 Thread 0x0000027695274190 Exception <a 'java/lang/IncompatibleClassChangeError'{0x000000008a129e68}: Found class java.lang.Object, but interface was expected> (0x000000008a129e68) 
thrown [s\open\src\hotspot\share\interpreter\linkResolver.cpp, line 840]
Event: 0.719 Thread 0x0000027695274190 Exception <a 'java/lang/NoSuchMethodError'{0x000000008a131020}: 'int java.lang.invoke.DirectMethodHandle$Holder.invokeSpecialIFC(java.lang.Object, java.lang.Object, java.lang.Object, java.lang.Object)'> (0x000000008a131020) 
thrown [s\open\src\hotspot\share\interpreter\linkResolver.cpp, line 773]
Event: 0.729 Thread 0x0000027695274190 Exception <a 'java/lang/NoSuchMethodError'{0x000000008a1b80f8}: 'java.lang.Object java.lang.invoke.DirectMethodHandle$Holder.invokeVirtual(java.lang.Object, java.lang.Object, java.lang.Object, java.lang.Object)'> (0x000000008a1b80f8) 
thrown [s\open\src\hotspot\share\interpreter\linkResolver.cpp, line 773]
Event: 0.735 Thread 0x0000027695274190 Exception <a 'java/lang/NoSuchMethodError'{0x000000008a1bed48}: 'void java.lang.invoke.DirectMethodHandle$Holder.invokeStatic(java.lang.Object, long)'> (0x000000008a1bed48) 
thrown [s\open\src\hotspot\share\interpreter\linkResolver.cpp, line 773]
Event: 0.736 Thread 0x0000027695274190 Exception <a 'java/lang/NoSuchMethodError'{0x000000008a1c3918}: 'java.lang.Object java.lang.invoke.DirectMethodHandle$Holder.newInvokeSpecial(java.lang.Object, long)'> (0x000000008a1c3918) 
thrown [s\open\src\hotspot\share\interpreter\linkResolver.cpp, line 773]
Event: 0.738 Thread 0x0000027695274190 Exception <a 'java/lang/NoSuchMethodError'{0x000000008a1c9b40}: 'java.lang.Object java.lang.invoke.DirectMethodHandle$Holder.invokeStatic(java.lang.Object, long, java.lang.Object)'> (0x000000008a1c9b40) 
thrown [s\open\src\hotspot\share\interpreter\linkResolver.cpp, line 773]
Event: 0.738 Thread 0x0000027695274190 Exception <a 'java/lang/NoSuchMethodError'{0x000000008a1cd2c8}: 'java.lang.Object java.lang.invoke.DirectMethodHandle$Holder.invokeStaticInit(java.lang.Object, long, java.lang.Object)'> (0x000000008a1cd2c8) 
thrown [s\open\src\hotspot\share\interpreter\linkResolver.cpp, line 773]
Event: 0.775 Thread 0x00000276f9fbc3a0 Exception <a 'java/net/ConnectException'{0x000000008b63e8c0}: Connection refused: getsockopt> (0x000000008b63e8c0) 
thrown [s\open\src\hotspot\share\prims\jni.cpp, line 539]
Event: 0.818 Thread 0x0000027695274190 Exception <a 'java/lang/NoSuchMethodError'{0x000000008b6596f0}: 'double java.lang.invoke.DirectMethodHandle$Holder.invokeVirtual(java.lang.Object, java.lang.Object)'> (0x000000008b6596f0) 
thrown [s\open\src\hotspot\share\interpreter\linkResolver.cpp, line 773]
Event: 0.818 Thread 0x0000027695274190 Exception <a 'java/lang/NoSuchMethodError'{0x000000008b65f6c0}: 'float java.lang.invoke.DirectMethodHandle$Holder.invokeVirtual(java.lang.Object, java.lang.Object)'> (0x000000008b65f6c0) 
thrown [s\open\src\hotspot\share\interpreter\linkResolver.cpp, line 773]
Event: 0.819 Thread 0x0000027695274190 Exception <a 'java/lang/NoSuchMethodError'{0x000000008b667888}: 'long java.lang.invoke.DirectMethodHandle$Holder.invokeVirtual(java.lang.Object, java.lang.Object)'> (0x000000008b667888) 
thrown [s\open\src\hotspot\share\interpreter\linkResolver.cpp, line 773]
Event: 0.822 Thread 0x0000027695274190 Exception <a 'java/lang/NoSuchMethodError'{0x000000008b691fd8}: 'void java.lang.invoke.DirectMethodHandle$Holder.invokeStatic(java.lang.Object, java.lang.Object, java.lang.Object)'> (0x000000008b691fd8) 
thrown [s\open\src\hotspot\share\interpreter\linkResolver.cpp, line 773]
Event: 0.823 Thread 0x0000027695274190 Exception <a 'java/lang/NoSuchMethodError'{0x000000008b697cb8}: 'java.lang.Object java.lang.invoke.DirectMethodHandle$Holder.invokeVirtual(java.lang.Object, java.lang.Object, java.lang.Object)'> (0x000000008b697cb8) 
thrown [s\open\src\hotspot\share\interpreter\linkResolver.cpp, line 773]
Event: 0.847 Thread 0x0000027695274190 Exception <a 'java/lang/NoSuchMethodError'{0x000000008b5ae420}: 'java.lang.Object java.lang.invoke.DirectMethodHandle$Holder.newInvokeSpecial(java.lang.Object, java.lang.Object, int, int)'> (0x000000008b5ae420) 
thrown [s\open\src\hotspot\share\interpreter\linkResolver.cpp, line 773]
Event: 0.848 Thread 0x0000027695274190 Exception <a 'java/lang/NoSuchMethodError'{0x000000008b5b8730}: 'void java.lang.invoke.DirectMethodHandle$Holder.invokeStatic(java.lang.Object, java.lang.Object, int)'> (0x000000008b5b8730) 
thrown [s\open\src\hotspot\share\interpreter\linkResolver.cpp, line 773]
Event: 0.880 Thread 0x0000027695274190 Exception <a 'java/lang/NoSuchMethodError'{0x000000008b4ffca0}: 'java.lang.Object java.lang.invoke.DirectMethodHandle$Holder.newInvokeSpecial(java.lang.Object, java.lang.Object, java.lang.Object, java.lang.Object, java.lang.Object)'> (0x000000008b4ffca0) 
thrown [s\open\src\hotspot\share\interpreter\linkResolver.cpp, line 773]
Event: 0.932 Thread 0x0000027695274190 Exception <a 'java/lang/NoSuchMethodError'{0x000000008b1d8728}: 'void java.lang.invoke.DirectMethodHandle$Holder.invokeSpecial(java.lang.Object, java.lang.Object, java.lang.Object)'> (0x000000008b1d8728) 
thrown [s\open\src\hotspot\share\interpreter\linkResolver.cpp, line 773]
Event: 0.933 Thread 0x0000027695274190 Exception <a 'java/lang/NoSuchMethodError'{0x000000008b1e4708}: 'void java.lang.invoke.DirectMethodHandle$Holder.invokeStatic(java.lang.Object, java.lang.Object, java.lang.Object, java.lang.Object)'> (0x000000008b1e4708) 
thrown [s\open\src\hotspot\share\interpreter\linkResolver.cpp, line 773]
Event: 0.958 Thread 0x00000276f9fbf820 Exception <a 'java/lang/NoSuchMethodError'{0x000000008b0dfb00}: 'java.lang.Object java.lang.invoke.DirectMethodHandle$Holder.invokeSpecial(java.lang.Object, java.lang.Object, java.lang.Object, java.lang.Object, int)'> (0x000000008b0dfb00) 
thrown [s\open\src\hotspot\share\interpreter\linkResolver.cpp, line 773]
Event: 0.958 Thread 0x00000276f9fbf820 Exception <a 'java/lang/NoSuchMethodError'{0x000000008b0e3448}: 'java.lang.Object java.lang.invoke.Invokers$Holder.linkToTargetMethod(java.lang.Object, java.lang.Object, int, java.lang.Object)'> (0x000000008b0e3448) 
thrown [s\open\src\hotspot\share\interpreter\linkResolver.cpp, line 773]

ZGC Phase Switch (0 events):
No events

VM Operations (20 events):
Event: 0.439 Executing VM operation: HandshakeAllThreads (Deoptimize)
Event: 0.439 Executing VM operation: HandshakeAllThreads (Deoptimize) done
Event: 0.443 Executing VM operation: HandshakeAllThreads (Deoptimize)
Event: 0.443 Executing VM operation: HandshakeAllThreads (Deoptimize) done
Event: 0.464 Executing VM operation: HandshakeAllThreads (Deoptimize)
Event: 0.464 Executing VM operation: HandshakeAllThreads (Deoptimize) done
Event: 0.489 Executing VM operation: HandshakeAllThreads (Deoptimize)
Event: 0.489 Executing VM operation: HandshakeAllThreads (Deoptimize) done
Event: 0.667 Executing VM operation: HandshakeAllThreads (Deoptimize)
Event: 0.667 Executing VM operation: HandshakeAllThreads (Deoptimize) done
Event: 0.745 Executing VM operation: HandshakeAllThreads (Deoptimize)
Event: 0.745 Executing VM operation: HandshakeAllThreads (Deoptimize) done
Event: 0.746 Executing VM operation: G1CollectForAllocation (G1 Evacuation Pause)
Event: 0.752 Executing VM operation: G1CollectForAllocation (G1 Evacuation Pause) done
Event: 0.804 Executing VM operation: HandshakeAllThreads (Deoptimize)
Event: 0.804 Executing VM operation: HandshakeAllThreads (Deoptimize) done
Event: 0.827 Executing VM operation: HandshakeAllThreads (Deoptimize)
Event: 0.827 Executing VM operation: HandshakeAllThreads (Deoptimize) done
Event: 0.856 Executing VM operation: HandshakeAllThreads (Deoptimize)
Event: 0.856 Executing VM operation: HandshakeAllThreads (Deoptimize) done

Events (20 events):
Event: 0.024 Thread 0x0000027695274190 Thread added: 0x0000027695274190
Event: 0.041 Thread 0x00000276b3d54f80 Thread added: 0x00000276b3d54f80
Event: 0.041 Thread 0x00000276b3d56530 Thread added: 0x00000276b3d56530
Event: 0.041 Thread 0x00000276b3d58560 Thread added: 0x00000276b3d58560
Event: 0.041 Thread 0x00000276b3d591c0 Thread added: 0x00000276b3d591c0
Event: 0.041 Thread 0x00000276b3d5c7b0 Thread added: 0x00000276b3d5c7b0
Event: 0.041 Thread 0x00000276b3d609a0 Thread added: 0x00000276b3d609a0
Event: 0.041 Thread 0x00000276b3d68ca0 Thread added: 0x00000276b3d68ca0
Event: 0.041 Thread 0x00000276b3d6de00 Thread added: 0x00000276b3d6de00
Event: 0.098 Thread 0x00000276b3d5ef60 Thread added: 0x00000276b3d5ef60
Event: 0.102 Thread 0x00000276b3d5dbb0 Thread added: 0x00000276b3d5dbb0
Event: 0.189 Thread 0x00000276f91b93e0 Thread added: 0x00000276f91b93e0
Event: 0.382 Thread 0x00000276b3d5e240 Thread added: 0x00000276b3d5e240
Event: 0.675 Thread 0x00000276b3d5f5f0 Thread added: 0x00000276b3d5f5f0
Event: 0.742 Thread 0x00000276b3d5fc80 Thread added: 0x00000276b3d5fc80
Event: 0.746 Thread 0x00000276b3d60310 Thread added: 0x00000276b3d60310
Event: 0.753 Thread 0x00000276b3d61030 Thread added: 0x00000276b3d61030
Event: 0.765 Thread 0x00000276f9fbc3a0 Thread added: 0x00000276f9fbc3a0
Event: 0.804 Thread 0x00000276f9fbd750 Thread added: 0x00000276f9fbd750
Event: 0.949 Thread 0x00000276f9fbf820 Thread added: 0x00000276f9fbf820


Dynamic libraries:
0x00007ff7bee40000 - 0x00007ff7bee50000 	C:\Program Files\Java\jdk-21\bin\javaw.exe
0x00007ffc15eb0000 - 0x00007ffc160c7000 	C:\WINDOWS\SYSTEM32\ntdll.dll
0x00007ffc145d0000 - 0x00007ffc14694000 	C:\WINDOWS\System32\KERNEL32.DLL
0x00007ffc132a0000 - 0x00007ffc13646000 	C:\WINDOWS\System32\KERNELBASE.dll
0x00007ffc13650000 - 0x00007ffc13761000 	C:\WINDOWS\System32\ucrtbase.dll
0x00007ffc0ba90000 - 0x00007ffc0baa9000 	C:\Program Files\Java\jdk-21\bin\jli.dll
0x00007ffc0bb30000 - 0x00007ffc0bb4b000 	C:\Program Files\Java\jdk-21\bin\VCRUNTIME140.dll
0x00007ffc15b10000 - 0x00007ffc15bc3000 	C:\WINDOWS\System32\ADVAPI32.dll
0x00007ffc13d20000 - 0x00007ffc13dc7000 	C:\WINDOWS\System32\msvcrt.dll
0x00007ffc15380000 - 0x00007ffc15428000 	C:\WINDOWS\System32\sechost.dll
0x00007ffc131f0000 - 0x00007ffc13218000 	C:\WINDOWS\System32\bcrypt.dll
0x00007ffc15d50000 - 0x00007ffc15e67000 	C:\WINDOWS\System32\RPCRT4.dll
0x00007ffc15960000 - 0x00007ffc15b0e000 	C:\WINDOWS\System32\USER32.dll
0x00007ffc13770000 - 0x00007ffc13796000 	C:\WINDOWS\System32\win32u.dll
0x00007ffbfe630000 - 0x00007ffbfe8c3000 	C:\WINDOWS\WinSxS\amd64_microsoft.windows.common-controls_6595b64144ccf1df_6.0.22621.2506_none_270c5ae97388e100\COMCTL32.dll
0x00007ffc14070000 - 0x00007ffc14099000 	C:\WINDOWS\System32\GDI32.dll
0x00007ffc13ae0000 - 0x00007ffc13bf8000 	C:\WINDOWS\System32\gdi32full.dll
0x00007ffc13980000 - 0x00007ffc13a1a000 	C:\WINDOWS\System32\msvcp_win.dll
0x00007ffc0a2b0000 - 0x00007ffc0a2ba000 	C:\WINDOWS\SYSTEM32\VERSION.dll
0x00007ffc15870000 - 0x00007ffc158a1000 	C:\WINDOWS\System32\IMM32.DLL
0x00007ffc0cea0000 - 0x00007ffc0ceac000 	C:\Program Files\Java\jdk-21\bin\vcruntime140_1.dll
0x00007ffbf3e40000 - 0x00007ffbf3ece000 	C:\Program Files\Java\jdk-21\bin\msvcp140.dll
0x00007ffb71f80000 - 0x00007ffb72c97000 	C:\Program Files\Java\jdk-21\bin\server\jvm.dll
0x00007ffc13de0000 - 0x00007ffc13e51000 	C:\WINDOWS\System32\WS2_32.dll
0x00007ffc122d0000 - 0x00007ffc1231d000 	C:\WINDOWS\SYSTEM32\POWRPROF.dll
0x00007ffc0b980000 - 0x00007ffc0b9b4000 	C:\WINDOWS\SYSTEM32\WINMM.dll
0x00007ffc12250000 - 0x00007ffc12263000 	C:\WINDOWS\SYSTEM32\UMPDC.dll
0x00007ffc12320000 - 0x00007ffc12338000 	C:\WINDOWS\SYSTEM32\kernel.appcore.dll
0x00007ffc0e1a0000 - 0x00007ffc0e1aa000 	C:\Program Files\Java\jdk-21\bin\jimage.dll
0x00007ffc10a80000 - 0x00007ffc10cb3000 	C:\WINDOWS\SYSTEM32\DBGHELP.DLL
0x00007ffc15430000 - 0x00007ffc157b9000 	C:\WINDOWS\System32\combase.dll
0x00007ffc142a0000 - 0x00007ffc14377000 	C:\WINDOWS\System32\OLEAUT32.dll
0x00007ffbf1cc0000 - 0x00007ffbf1cf2000 	C:\WINDOWS\SYSTEM32\dbgcore.DLL
0x00007ffc13220000 - 0x00007ffc1329a000 	C:\WINDOWS\System32\bcryptPrimitives.dll
0x00007ffc0d2b0000 - 0x00007ffc0d2cf000 	C:\Program Files\Java\jdk-21\bin\java.dll
0x00007ffc146a0000 - 0x00007ffc14efb000 	C:\WINDOWS\System32\SHELL32.dll
0x00007ffc11150000 - 0x00007ffc11a46000 	C:\WINDOWS\SYSTEM32\windows.storage.dll
0x00007ffc11010000 - 0x00007ffc1114e000 	C:\WINDOWS\SYSTEM32\wintypes.dll
0x00007ffc141a0000 - 0x00007ffc14293000 	C:\WINDOWS\System32\SHCORE.dll
0x00007ffc158b0000 - 0x00007ffc1590e000 	C:\WINDOWS\System32\shlwapi.dll
0x00007ffc13120000 - 0x00007ffc13146000 	C:\WINDOWS\SYSTEM32\profapi.dll
0x00007ffbd3c00000 - 0x00007ffbd3cd7000 	C:\Program Files\Java\jdk-21\bin\jsvml.dll
0x00007ffc0d2a0000 - 0x00007ffc0d2b0000 	C:\Program Files\Java\jdk-21\bin\net.dll
0x00007ffc0be20000 - 0x00007ffc0bf57000 	C:\WINDOWS\SYSTEM32\WINHTTP.dll
0x00007ffc127a0000 - 0x00007ffc12809000 	C:\WINDOWS\system32\mswsock.dll
0x00007ffbeb6d0000 - 0x00007ffbeb6e6000 	C:\Program Files\Java\jdk-21\bin\nio.dll
0x00007ffbd0e90000 - 0x00007ffbd0ea8000 	C:\Program Files\Java\jdk-21\bin\zip.dll
0x00007ffc0e2e0000 - 0x00007ffc0e2e9000 	C:\Program Files\Java\jdk-21\bin\extnet.dll
0x00007ffc11d20000 - 0x00007ffc11e19000 	C:\WINDOWS\SYSTEM32\DNSAPI.dll
0x00007ffc11cb0000 - 0x00007ffc11cdd000 	C:\WINDOWS\SYSTEM32\IPHLPAPI.DLL
0x00007ffc145c0000 - 0x00007ffc145c9000 	C:\WINDOWS\System32\NSI.dll
0x00007ffc0a2a0000 - 0x00007ffc0a2aa000 	C:\Windows\System32\rasadhlp.dll
0x00007ffc0a140000 - 0x00007ffc0a1c3000 	C:\WINDOWS\System32\fwpuclnt.dll
0x00007ffc129f0000 - 0x00007ffc12a0b000 	C:\WINDOWS\SYSTEM32\CRYPTSP.dll
0x00007ffc12210000 - 0x00007ffc12245000 	C:\WINDOWS\system32\rsaenh.dll
0x00007ffc12890000 - 0x00007ffc128bc000 	C:\WINDOWS\SYSTEM32\USERENV.dll
0x00007ffc12a10000 - 0x00007ffc12a1c000 	C:\WINDOWS\SYSTEM32\CRYPTBASE.dll
0x00007ffc0ba20000 - 0x00007ffc0ba2e000 	C:\Program Files\Java\jdk-21\bin\sunmscapi.dll
0x00007ffc13810000 - 0x00007ffc13976000 	C:\WINDOWS\System32\CRYPT32.dll
0x00007ffc12bb0000 - 0x00007ffc12bde000 	C:\WINDOWS\SYSTEM32\ncrypt.dll
0x00007ffc12b70000 - 0x00007ffc12ba7000 	C:\WINDOWS\SYSTEM32\NTASN1.dll
0x00007ffbeb650000 - 0x00007ffbeb658000 	C:\WINDOWS\system32\wshunix.dll

dbghelp: loaded successfully - version: 4.0.5 - missing functions: none
symbol engine: initialized successfully - sym options: 0x614 - pdb path: .;C:\Program Files\Java\jdk-21\bin;C:\WINDOWS\SYSTEM32;C:\WINDOWS\WinSxS\amd64_microsoft.windows.common-controls_6595b64144ccf1df_6.0.22621.2506_none_270c5ae97388e100;C:\Program Files\Java\jdk-21\bin\server

VM Arguments:
jvm_args: -Dfile.encoding=UTF-8 -Dstdout.encoding=UTF-8 -Dstderr.encoding=UTF-8 -XX:+ShowCodeDetailsInExceptionMessages 
java_command: Practice.ButtonClicks
java_class_path (initial): C:\Users\DELL\eclipse-workspace\bccsolutions\target\test-classes;C:\Users\DELL\eclipse-workspace\bccsolutions\target\classes;C:\Users\DELL\.m2\repository\junit\junit\4.11\junit-4.11.jar;C:\Users\DELL\.m2\repository\org\hamcrest\hamcrest-core\1.3\hamcrest-core-1.3.jar;C:\Users\DELL\.m2\repository\org\seleniumhq\selenium\selenium-java\4.15.0\selenium-java-4.15.0.jar;C:\Users\DELL\.m2\repository\org\seleniumhq\selenium\selenium-api\4.15.0\selenium-api-4.15.0.jar;C:\Users\DELL\.m2\repository\org\seleniumhq\selenium\selenium-chrome-driver\4.15.0\selenium-chrome-driver-4.15.0.jar;C:\Users\DELL\.m2\repository\com\google\auto\service\auto-service-annotations\1.1.1\auto-service-annotations-1.1.1.jar;C:\Users\DELL\.m2\repository\org\seleniumhq\selenium\selenium-chromium-driver\4.15.0\selenium-chromium-driver-4.15.0.jar;C:\Users\DELL\.m2\repository\org\seleniumhq\selenium\selenium-json\4.15.0\selenium-json-4.15.0.jar;C:\Users\DELL\.m2\repository\org\seleniumhq\selenium\selenium-manager\4.15.0\selenium-manager-4.15.0.jar;C:\Users\DELL\.m2\repository\org\seleniumhq\selenium\selenium-devtools-v117\4.15.0\selenium-devtools-v117-4.15.0.jar;C:\Users\DELL\.m2\repository\org\seleniumhq\selenium\selenium-devtools-v118\4.15.0\selenium-devtools-v118-4.15.0.jar;C:\Users\DELL\.m2\repository\org\seleniumhq\selenium\selenium-devtools-v119\4.15.0\selenium-devtools-v119-4.15.0.jar;C:\Users\DELL\.m2\repository\org\seleniumhq\selenium\selenium-devtools-v85\4.15.0\selenium-devtools-v85-4.15.0.jar;C:\Users\DELL\.m2\repository\org\seleniumhq\selenium\selenium-edge-driver\4.15.0\selenium-edge-driver-4.15.0.jar;C:\Users\DELL\.m2\repository\org\seleniumhq\selenium\selenium-firefox-driver\4.15.0\selenium-firefox-driver-4.15.0.jar;C:\Users\DELL\.m2\repository\org\seleniumhq\selenium\selenium-http\4.15.0\selenium-http-4.15.0.jar;C:\Users\DELL\.m2\repository\dev\failsafe\failsafe\3.3.2\failsafe-3.3.2.jar;C:\Users\DELL\.m2\repository\org\seleniumhq\selenium\selenium-ie-driver\4.15.0\selenium-ie-driver-4.15.0.jar;C:\Users\DELL\.m2\repository\org\seleniumhq\selenium\selenium-remote-driver\4.15.0\selenium-remote-driver-4.15.0.jar;C:\Users\DELL\.m2\repository\com\google\guava\guava\32.1.2-jre\guava-32.1.2-jre.jar;C:\Users\DELL\.m2\repository\com\google\guava\failureaccess\1.0.1\failureaccess-1.0.1.jar;C:\Users\DELL\.m2\repository\com\google\guava\listenablefuture\9999.0-empty-to-avoid-conflict-with-guava\listenablefuture-9999.0-empty-to-avoid-conflict-with-guava.jar;C:\Users\DELL\.m2\repository\com\google\code\findbugs\jsr305\3.0.2\jsr305-3.0.2.jar;C:\Users\DELL\.m2\repository\org\checkerframework\checker-qual\3.33.0\checker-qual-3.33.0.jar;C:\Users\DELL\.m2\repository\com\google\errorprone\error_prone_annotations\2.18.0\error_prone_annotations-2.18.0.jar;C:\Users\DELL\.m2\repository\com\google\j2objc\j2objc-annotations\2.8\j2objc-annotations-2.8.jar;C:\Users\DELL\.m2\repository\io\opentelemetry\opentelemetry-api\1.28.0\opentelemetry-api-1.28.0.jar;C:\Users\DELL\.m2\repository\io\opentelemetry\opentelemetry-context\1.28.0\opentelemetry-context-1.28.0.jar;C:\Users\DELL\.m2\repository\io\opentelemetry\opentelemetry-exporter-logging\1.28.0\opentelemetry-exporter-logging-1.28.0.jar;C:\Users\DELL\.m2\repository\io\opentelemetry\opentelemetry-sdk-metrics\1.28.0\opentelemetry-sdk-metrics-1.28.0.jar;C:\Users\DELL\.m2\repository\io\opentelemetry\opentelemetry-extension-incubator\1.28.0-alpha\opentelemetry-extension-incubator-1.28.0-alpha.jar;C:\Users\DELL\.m2\repository\io\opentelemetry\opentelemetry-sdk-logs\1.28.0\opentelemetry-sdk-logs-1.28.0.jar;C:\Users\DELL\.m2\repository\io\opentelemetry\opentelemetry-sdk-common\1.28.0\opentelemetry-sdk-common-1.28.0.jar;C:\Users\DELL\.m2\repository\io\opentelemetry\opentelemetry-sdk-extension-autoconfigure-spi\1.28.0\opentelemetry-sdk-extension-autoconfigure-spi-1.28.0.jar;C:\Users\DELL\.m2\repository\io\opentelemetry\opentelemetry-sdk-extension-autoconfigure\1.28.0\opentelemetry-sdk-extension-autoconfigure-1.28.0.jar;C:\Users\DELL\.m2\repository\io\opentelemetry\opentelemetry-api-events\1.28.0-alpha\opentelemetry-api-events-1.28.0-alpha.jar;C:\Users\DELL\.m2\repository\io\opentelemetry\opentelemetry-sdk-trace\1.28.0\opentelemetry-sdk-trace-1.28.0.jar;C:\Users\DELL\.m2\repository\io\opentelemetry\opentelemetry-sdk\1.28.0\opentelemetry-sdk-1.28.0.jar;C:\Users\DELL\.m2\repository\io\opentelemetry\opentelemetry-semconv\1.28.0-alpha\opentelemetry-semconv-1.28.0-alpha.jar;C:\Users\DELL\.m2\repository\net\bytebuddy\byte-buddy\1.14.5\byte-buddy-1.14.5.jar;C:\Users\DELL\.m2\repository\org\seleniumhq\selenium\selenium-os\4.15.0\selenium-os-4.15.0.jar;C:\Users\DELL\.m2\repository\org\apache\commons\commons-exec\1.3\commons-exec-1.3.jar;C:\Users\DELL\.m2\repository\org\seleniumhq\selenium\selenium-safari-driver\4.15.0\selenium-safari-driver-4.15.0.jar;C:\Users\DELL\.m2\repository\org\seleniumhq\selenium\selenium-support\4.15.0\selenium-support-4.15.0.jar;C:\Users\DELL\.m2\repository\io\github\bonigarcia\webdrivermanager\5.6.3\webdrivermanager-5.6.3.jar;C:\Users\DELL\.m2\repository\org\slf4j\slf4j-api\2.0.10\slf4j-api-2.0.10.jar;C:\Users\DELL\.m2\repository\com\google\code\gson\gson\2.10.1\gson-2.10.1.jar;C:\Users\DELL\.m2\repository\com\github\docker-java\docker-java\3.3.4\docker-java-3.3.4.jar;C:\Users\DELL\.m2\repository\com\github\docker-java\docker-java-core\3.3.4\docker-java-core-3.3.4.jar;C:\Users\DELL\.m2\repository\com\github\docker-java\docker-java-api\3.3.4\docker-java-api-3.3.4.jar;C:\Users\DELL\.m2\repository\com\fasterxml\jackson\core\jackson-annotations\2.10.3\jackson-annotations-2.10.3.jar;C:\Users\DELL\.m2\repository\commons-io\commons-io\2.13.0\commons-io-2.13.0.jar;C:\Users\DELL\.m2\repository\com\fasterxml\jackson\core\jackson-databind\2.10.3\jackson-databind-2.10.3.jar;C:\Users\DELL\.m2\repository\com\fasterxml\jackson\core\jackson-core\2.10.3\jackson-core-2.10.3.jar;C:\Users\DELL\.m2\repository\org\bouncycastle\bcpkix-jdk18on\1.76\bcpkix-jdk18on-1.76.jar;C:\Users\DELL\.m2\repository\org\bouncycastle\bcprov-jdk18on\1.76\bcprov-jdk18on-1.76.jar;C:\Users\DELL\.m2\repository\org\bouncycastle\bcutil-jdk18on\1.76\bcutil-jdk18on-1.76.jar;C:\Users\DELL\.m2\repository\org\slf4j\jcl-over-slf4j\1.7.30\jcl-over-slf4j-1.7.30.jar;C:\Users\DELL\.m2\repository\com\github\docker-java\docker-java-transport-httpclient5\3.3.4\docker-java-transport-httpclient5-3.3.4.jar;C:\Users\DELL\.m2\repository\com\github\docker-java\docker-java-transport\3.3.4\docker-java-transport-3.3.4.jar;C:\Users\DELL\.m2\repository\net\java\dev\jna\jna\5.13.0\jna-5.13.0.jar;C:\Users\DELL\.m2\repository\org\brotli\dec\0.1.2\dec-0.1.2.jar;C:\Users\DELL\.m2\repository\org\apache\commons\commons-lang3\3.14.0\commons-lang3-3.14.0.jar;C:\Users\DELL\.m2\repository\org\apache\commons\commons-compress\1.25.0\commons-compress-1.25.0.jar;C:\Users\DELL\.m2\repository\org\apache\httpcomponents\client5\httpclient5\5.2.1\httpclient5-5.2.1.jar;C:\Users\DELL\.m2\repository\org\apache\httpcomponents\core5\httpcore5\5.2\httpcore5-5.2.jar;C:\Users\DELL\.m2\repository\org\apache\httpcomponents\core5\httpcore5-h2\5.2\httpcore5-h2-5.2.jar
Launcher Type: SUN_STANDARD

[Global flags]
     intx CICompilerCount                          = 4                                         {product} {ergonomic}
     uint ConcGCThreads                            = 2                                         {product} {ergonomic}
     uint G1ConcRefinementThreads                  = 8                                         {product} {ergonomic}
   size_t G1HeapRegionSize                         = 1048576                                   {product} {ergonomic}
    uintx GCDrainStackTargetSize                   = 64                                        {product} {ergonomic}
   size_t InitialHeapSize                          = 132120576                                 {product} {ergonomic}
   size_t MarkStackSize                            = 4194304                                   {product} {ergonomic}
   size_t MaxHeapSize                              = 2086666240                                {product} {ergonomic}
   size_t MaxNewSize                               = 1251999744                                {product} {ergonomic}
   size_t MinHeapDeltaBytes                        = 1048576                                   {product} {ergonomic}
   size_t MinHeapSize                              = 8388608                                   {product} {ergonomic}
    uintx NonNMethodCodeHeapSize                   = 5839372                                {pd product} {ergonomic}
    uintx NonProfiledCodeHeapSize                  = 122909434                              {pd product} {ergonomic}
    uintx ProfiledCodeHeapSize                     = 122909434                              {pd product} {ergonomic}
    uintx ReservedCodeCacheSize                    = 251658240                              {pd product} {ergonomic}
     bool SegmentedCodeCache                       = true                                      {product} {ergonomic}
     bool ShowCodeDetailsInExceptionMessages       = true                                   {manageable} {command line}
   size_t SoftMaxHeapSize                          = 2086666240                             {manageable} {ergonomic}
     bool UseCompressedOops                        = true                           {product lp64_product} {ergonomic}
     bool UseG1GC                                  = true                                      {product} {ergonomic}
     bool UseLargePagesIndividualAllocation        = false                                  {pd product} {ergonomic}

Logging:
Log output configuration:
 #0: stdout all=warning uptime,level,tags foldmultilines=false
 #1: stderr all=off uptime,level,tags foldmultilines=false

Environment Variables:
JAVA_HOME=C:\Program Files\Java\jdk-21
PATH=C:/Program Files/Java/jdk-21/bin/server;C:/Program Files/Java/jdk-21/bin;C:\Program Files\Common Files\Oracle\Java\javapath;C:\WINDOWS\system32;C:\WINDOWS;C:\WINDOWS\System32\Wbem;C:\WINDOWS\System32\WindowsPowerShell\v1.0\;C:\WINDOWS\System32\OpenSSH\;C:\Program Files\nodejs\;C:\ProgramData\chocolatey\bin;C:\Program Files\Git\cmd;C:\Program Files\Git\mingw64\bin;C:\Program Files\Git\usr\bin;C:\Program Files\Java\jdk-21\bin;C:\Program Files\Java\apache-maven-3.9.6\bin;C:\Program Files\MySQL\MySQL Shell 8.0\bin\;C:\Users\DELL\anaconda3;C:\Users\DELL\anaconda3\Library\mingw-w64\bin;C:\Users\DELL\anaconda3\Library\usr\bin;C:\Users\DELL\anaconda3\Library\bin;C:\Users\DELL\anaconda3\Scripts;C:\Users\DELL\AppData\Local\Programs\Python\Python37\Scripts\;C:\Users\DELL\AppData\Local\Programs\Python\Python37\;C:\Users\DELL\AppData\Local\Microsoft\WindowsApps;C:\Windows\System32\cmd.exe;C:\Users\DELL\AppData\Local\Programs\Microsoft VS Code\bin;C:\Users\DELL\AppData\Roaming\npm;C:\Program Files\Java\jdk-21\bin;C:\Program Files\Java\apache-maven-3.9.6\bin;;C:\WINDOWS\system32;
USERNAME=DELL
OS=Windows_NT
PROCESSOR_IDENTIFIER=Intel64 Family 6 Model 126 Stepping 5, GenuineIntel
TMP=C:\Users\DELL\AppData\Local\Temp
TEMP=C:\Users\DELL\AppData\Local\Temp




Periodic native trim disabled

---------------  S Y S T E M  ---------------

OS:
 Windows 11 , 64 bit Build 22621 (10.0.22621.3085)
OS uptime: 0 days 2:19 hours

CPU: total 8 (initial active 8) (4 cores per cpu, 2 threads per core) family 6 model 126 stepping 5 microcode 0xc2, cx8, cmov, fxsr, ht, mmx, 3dnowpref, sse, sse2, sse3, ssse3, sse4.1, sse4.2, popcnt, lzcnt, tsc, tscinvbit, avx, avx2, aes, erms, clmul, bmi1, bmi2, adx, avx512f, avx512dq, avx512cd, avx512bw, avx512vl, sha, fma, vzeroupper, avx512_vpopcntdq, avx512_vpclmulqdq, avx512_vaes, avx512_vnni, clflush, clflushopt, avx512_vbmi2, avx512_vbmi, rdtscp, rdpid, fsrm, gfni, avx512_bitalg, f16c, pku, avx512_ifma
Processor Information for all 8 processors :
  Max Mhz: 1190, Current Mhz: 991, Mhz Limit: 987

Memory: 4k page, system-wide physical 7959M (588M free)
TotalPageFile size 20320M (AvailPageFile size 3M)
current process WorkingSet (physical memory assigned to process): 97M, peak: 97M
current process commit charge ("private bytes"): 232M, peak: 232M

vm_info: Java HotSpot(TM) 64-Bit Server VM (21.0.2+13-LTS-58) for windows-amd64 JRE (21.0.2+13-LTS-58), built on 2024-01-05T18:32:24Z by "mach5one" with MS VC++ 17.1 (VS2022)

END.
